2025-08-03 20:44:24,079 - INFO - Loading data from database...
2025-08-03 20:44:24,201 - INFO - Loaded 634 orders, 1252 order items, 40 items, 4 categories, 10 brands, 0 batches
2025-08-03 20:44:24,203 - INFO - Bắt đầu chạy analysis cho tất cả các khoảng thời gian...
2025-08-03 20:44:24,203 - INFO - Phân tích doanh số hàng ngày...
2025-08-03 20:44:24,217 - INFO - Đã lưu daily sales summary cho ngày 2024-06-30
2025-08-03 20:44:24,217 - INFO - Phân tích cảnh báo tồn kho thấp...
2025-08-03 20:44:24,237 - INFO - Đã lưu 0 low stock alerts
2025-08-03 20:44:24,237 - INFO - Phân tích top 10 selling items cho 1_day_ago theo revenue...
2025-08-03 20:44:24,252 - INFO - Đã lưu 10 top selling items với data_range 1_day_ago và sort_type revenue
2025-08-03 20:44:24,252 - INFO - Phân tích top 10 selling items cho 1_day_ago theo profit...
2025-08-03 20:44:24,261 - INFO - Đã lưu 10 top selling items với data_range 1_day_ago và sort_type profit
2025-08-03 20:44:24,261 - INFO - Phân tích top 10 selling items cho 1_day_ago theo quantity...
2025-08-03 20:44:24,270 - INFO - Đã lưu 10 top selling items với data_range 1_day_ago và sort_type quantity
2025-08-03 20:44:24,270 - INFO - Phân tích hiệu suất category cho 1_day_ago theo revenue (top 10)...
2025-08-03 20:44:24,279 - INFO - Đã lưu 3 category summaries với data_range 1_day_ago và sort_type revenue
2025-08-03 20:44:24,279 - INFO - Phân tích hiệu suất category cho 1_day_ago theo quantity (top 10)...
2025-08-03 20:44:24,286 - INFO - Đã lưu 3 category summaries với data_range 1_day_ago và sort_type quantity
2025-08-03 20:44:24,286 - INFO - Phân tích hiệu suất brand cho 1_day_ago theo revenue (top 10)...
2025-08-03 20:44:24,293 - INFO - Đã lưu 5 brand summaries với data_range 1_day_ago và sort_type revenue
2025-08-03 20:44:24,294 - INFO - Phân tích hiệu suất brand cho 1_day_ago theo quantity (top 10)...
2025-08-03 20:44:24,300 - INFO - Đã lưu 5 brand summaries với data_range 1_day_ago và sort_type quantity
2025-08-03 20:44:24,300 - INFO - Phân tích refund cho 1_day_ago theo refund_count (top 10)...
2025-08-03 20:44:24,304 - INFO - Đã lưu 0 refund analysis với data_range 1_day_ago và sort_type refund_count
2025-08-03 20:44:24,304 - INFO - Phân tích refund cho 1_day_ago theo refund_rate (top 10)...
2025-08-03 20:44:24,307 - INFO - Đã lưu 0 refund analysis với data_range 1_day_ago và sort_type refund_rate
2025-08-03 20:44:24,307 - INFO - Phân tích refund cho 1_day_ago theo refund_quantity (top 10)...
2025-08-03 20:44:24,312 - INFO - Đã lưu 0 refund analysis với data_range 1_day_ago và sort_type refund_quantity
2025-08-03 20:44:24,312 - INFO - Phân tích refund cho 1_day_ago theo refund_reason (top 10)...
2025-08-03 20:44:24,315 - INFO - Đã lưu 0 refund analysis với data_range 1_day_ago và sort_type refund_reason
2025-08-03 20:44:24,315 - INFO - Phân tích hàng bán ế cho 1_day_ago theo no_sales (top 20)...
2025-08-03 20:44:24,322 - ERROR - Lỗi lưu slow moving items: (pymysql.err.ProgrammingError) (1146, "Table 'inventory-sale-ai.slow_moving_items' doesn't exist")
[SQL: DELETE FROM slow_moving_items WHERE slow_moving_items.analysis_date = %(analysis_date_1)s AND slow_moving_items.data_range = %(data_range_1)s AND slow_moving_items.sort_type = %(sort_type_1)s]
[parameters: {'analysis_date_1': datetime.date(2024, 6, 30), 'data_range_1': '1_day_ago', 'sort_type_1': 'no_sales'}]
(Background on this error at: https://sqlalche.me/e/20/f405)
2025-08-03 20:44:24,322 - ERROR - Lỗi khi phân tích 1_day_ago: (pymysql.err.ProgrammingError) (1146, "Table 'inventory-sale-ai.slow_moving_items' doesn't exist")
[SQL: DELETE FROM slow_moving_items WHERE slow_moving_items.analysis_date = %(analysis_date_1)s AND slow_moving_items.data_range = %(data_range_1)s AND slow_moving_items.sort_type = %(sort_type_1)s]
[parameters: {'analysis_date_1': datetime.date(2024, 6, 30), 'data_range_1': '1_day_ago', 'sort_type_1': 'no_sales'}]
(Background on this error at: https://sqlalche.me/e/20/f405)
2025-08-03 20:44:24,322 - INFO - Phân tích top 10 selling items cho 7_days_ago theo revenue...
2025-08-03 20:44:24,330 - INFO - Đã lưu 10 top selling items với data_range 7_days_ago và sort_type revenue
2025-08-03 20:44:24,330 - INFO - Phân tích top 10 selling items cho 7_days_ago theo profit...
2025-08-03 20:44:24,338 - INFO - Đã lưu 10 top selling items với data_range 7_days_ago và sort_type profit
2025-08-03 20:44:24,338 - INFO - Phân tích top 10 selling items cho 7_days_ago theo quantity...
2025-08-03 20:44:24,346 - INFO - Đã lưu 10 top selling items với data_range 7_days_ago và sort_type quantity
2025-08-03 20:44:24,346 - INFO - Phân tích hiệu suất category cho 7_days_ago theo revenue (top 10)...
2025-08-03 20:44:24,354 - INFO - Đã lưu 4 category summaries với data_range 7_days_ago và sort_type revenue
2025-08-03 20:44:24,354 - INFO - Phân tích hiệu suất category cho 7_days_ago theo quantity (top 10)...
2025-08-03 20:44:24,363 - INFO - Đã lưu 4 category summaries với data_range 7_days_ago và sort_type quantity
2025-08-03 20:44:24,364 - INFO - Phân tích hiệu suất brand cho 7_days_ago theo revenue (top 10)...
2025-08-03 20:44:24,377 - INFO - Đã lưu 5 brand summaries với data_range 7_days_ago và sort_type revenue
2025-08-03 20:44:24,377 - INFO - Phân tích hiệu suất brand cho 7_days_ago theo quantity (top 10)...
2025-08-03 20:44:24,384 - INFO - Đã lưu 5 brand summaries với data_range 7_days_ago và sort_type quantity
2025-08-03 20:44:24,384 - INFO - Phân tích refund cho 7_days_ago theo refund_count (top 10)...
2025-08-03 20:44:24,388 - INFO - Đã lưu 0 refund analysis với data_range 7_days_ago và sort_type refund_count
2025-08-03 20:44:24,389 - INFO - Phân tích refund cho 7_days_ago theo refund_rate (top 10)...
2025-08-03 20:44:24,393 - INFO - Đã lưu 0 refund analysis với data_range 7_days_ago và sort_type refund_rate
2025-08-03 20:44:24,393 - INFO - Phân tích refund cho 7_days_ago theo refund_quantity (top 10)...
2025-08-03 20:44:24,397 - INFO - Đã lưu 0 refund analysis với data_range 7_days_ago và sort_type refund_quantity
2025-08-03 20:44:24,397 - INFO - Phân tích refund cho 7_days_ago theo refund_reason (top 10)...
2025-08-03 20:44:24,401 - INFO - Đã lưu 0 refund analysis với data_range 7_days_ago và sort_type refund_reason
2025-08-03 20:44:24,402 - INFO - Phân tích hàng bán ế cho 7_days_ago theo no_sales (top 20)...
2025-08-03 20:44:24,409 - ERROR - Lỗi lưu slow moving items: (pymysql.err.ProgrammingError) (1146, "Table 'inventory-sale-ai.slow_moving_items' doesn't exist")
[SQL: DELETE FROM slow_moving_items WHERE slow_moving_items.analysis_date = %(analysis_date_1)s AND slow_moving_items.data_range = %(data_range_1)s AND slow_moving_items.sort_type = %(sort_type_1)s]
[parameters: {'analysis_date_1': datetime.date(2024, 6, 30), 'data_range_1': '7_days_ago', 'sort_type_1': 'no_sales'}]
(Background on this error at: https://sqlalche.me/e/20/f405)
2025-08-03 20:44:24,409 - ERROR - Lỗi khi phân tích 7_days_ago: (pymysql.err.ProgrammingError) (1146, "Table 'inventory-sale-ai.slow_moving_items' doesn't exist")
[SQL: DELETE FROM slow_moving_items WHERE slow_moving_items.analysis_date = %(analysis_date_1)s AND slow_moving_items.data_range = %(data_range_1)s AND slow_moving_items.sort_type = %(sort_type_1)s]
[parameters: {'analysis_date_1': datetime.date(2024, 6, 30), 'data_range_1': '7_days_ago', 'sort_type_1': 'no_sales'}]
(Background on this error at: https://sqlalche.me/e/20/f405)
2025-08-03 20:44:24,409 - INFO - Phân tích top 10 selling items cho 1_month_ago theo revenue...
2025-08-03 20:44:24,425 - INFO - Đã lưu 10 top selling items với data_range 1_month_ago và sort_type revenue
2025-08-03 20:44:24,426 - INFO - Phân tích top 10 selling items cho 1_month_ago theo profit...
2025-08-03 20:44:24,442 - INFO - Đã lưu 10 top selling items với data_range 1_month_ago và sort_type profit
2025-08-03 20:44:24,442 - INFO - Phân tích top 10 selling items cho 1_month_ago theo quantity...
2025-08-03 20:44:24,457 - INFO - Đã lưu 10 top selling items với data_range 1_month_ago và sort_type quantity
2025-08-03 20:44:24,457 - INFO - Phân tích hiệu suất category cho 1_month_ago theo revenue (top 10)...
2025-08-03 20:44:24,473 - INFO - Đã lưu 4 category summaries với data_range 1_month_ago và sort_type revenue
2025-08-03 20:44:24,473 - INFO - Phân tích hiệu suất category cho 1_month_ago theo quantity (top 10)...
2025-08-03 20:44:24,490 - INFO - Đã lưu 4 category summaries với data_range 1_month_ago và sort_type quantity
2025-08-03 20:44:24,490 - INFO - Phân tích hiệu suất brand cho 1_month_ago theo revenue (top 10)...
2025-08-03 20:44:24,507 - INFO - Đã lưu 5 brand summaries với data_range 1_month_ago và sort_type revenue
2025-08-03 20:44:24,508 - INFO - Phân tích hiệu suất brand cho 1_month_ago theo quantity (top 10)...
2025-08-03 20:44:24,525 - INFO - Đã lưu 5 brand summaries với data_range 1_month_ago và sort_type quantity
2025-08-03 20:44:24,525 - INFO - Phân tích refund cho 1_month_ago theo refund_count (top 10)...
2025-08-03 20:44:24,536 - INFO - Đã lưu 0 refund analysis với data_range 1_month_ago và sort_type refund_count
2025-08-03 20:44:24,536 - INFO - Phân tích refund cho 1_month_ago theo refund_rate (top 10)...
2025-08-03 20:44:24,549 - INFO - Đã lưu 0 refund analysis với data_range 1_month_ago và sort_type refund_rate
2025-08-03 20:44:24,549 - INFO - Phân tích refund cho 1_month_ago theo refund_quantity (top 10)...
2025-08-03 20:44:24,561 - INFO - Đã lưu 0 refund analysis với data_range 1_month_ago và sort_type refund_quantity
2025-08-03 20:44:24,561 - INFO - Phân tích refund cho 1_month_ago theo refund_reason (top 10)...
2025-08-03 20:44:24,574 - INFO - Đã lưu 0 refund analysis với data_range 1_month_ago và sort_type refund_reason
2025-08-03 20:44:24,574 - INFO - Phân tích hàng bán ế cho 1_month_ago theo no_sales (top 20)...
2025-08-03 20:44:24,591 - ERROR - Lỗi lưu slow moving items: (pymysql.err.ProgrammingError) (1146, "Table 'inventory-sale-ai.slow_moving_items' doesn't exist")
[SQL: DELETE FROM slow_moving_items WHERE slow_moving_items.analysis_date = %(analysis_date_1)s AND slow_moving_items.data_range = %(data_range_1)s AND slow_moving_items.sort_type = %(sort_type_1)s]
[parameters: {'analysis_date_1': datetime.date(2024, 6, 30), 'data_range_1': '1_month_ago', 'sort_type_1': 'no_sales'}]
(Background on this error at: https://sqlalche.me/e/20/f405)
2025-08-03 20:44:24,591 - ERROR - Lỗi khi phân tích 1_month_ago: (pymysql.err.ProgrammingError) (1146, "Table 'inventory-sale-ai.slow_moving_items' doesn't exist")
[SQL: DELETE FROM slow_moving_items WHERE slow_moving_items.analysis_date = %(analysis_date_1)s AND slow_moving_items.data_range = %(data_range_1)s AND slow_moving_items.sort_type = %(sort_type_1)s]
[parameters: {'analysis_date_1': datetime.date(2024, 6, 30), 'data_range_1': '1_month_ago', 'sort_type_1': 'no_sales'}]
(Background on this error at: https://sqlalche.me/e/20/f405)
2025-08-03 20:44:24,591 - INFO - Phân tích top 10 selling items cho 3_months_ago theo revenue...
2025-08-03 20:44:24,677 - INFO - Đã lưu 10 top selling items với data_range 3_months_ago và sort_type revenue
2025-08-03 20:44:24,677 - INFO - Phân tích top 10 selling items cho 3_months_ago theo profit...
2025-08-03 20:44:24,762 - INFO - Đã lưu 10 top selling items với data_range 3_months_ago và sort_type profit
2025-08-03 20:44:24,762 - INFO - Phân tích top 10 selling items cho 3_months_ago theo quantity...
2025-08-03 20:44:24,848 - INFO - Đã lưu 10 top selling items với data_range 3_months_ago và sort_type quantity
2025-08-03 20:44:24,848 - INFO - Phân tích hiệu suất category cho 3_months_ago theo revenue (top 10)...
2025-08-03 20:44:24,935 - INFO - Đã lưu 4 category summaries với data_range 3_months_ago và sort_type revenue
2025-08-03 20:44:24,936 - INFO - Phân tích hiệu suất category cho 3_months_ago theo quantity (top 10)...
2025-08-03 20:44:25,024 - INFO - Đã lưu 4 category summaries với data_range 3_months_ago và sort_type quantity
2025-08-03 20:44:25,024 - INFO - Phân tích hiệu suất brand cho 3_months_ago theo revenue (top 10)...
2025-08-03 20:44:25,112 - INFO - Đã lưu 5 brand summaries với data_range 3_months_ago và sort_type revenue
2025-08-03 20:44:25,112 - INFO - Phân tích hiệu suất brand cho 3_months_ago theo quantity (top 10)...
2025-08-03 20:44:25,199 - INFO - Đã lưu 5 brand summaries với data_range 3_months_ago và sort_type quantity
2025-08-03 20:44:25,200 - INFO - Phân tích refund cho 3_months_ago theo refund_count (top 10)...
2025-08-03 20:44:25,275 - INFO - Đã lưu 0 refund analysis với data_range 3_months_ago và sort_type refund_count
2025-08-03 20:44:25,275 - INFO - Phân tích refund cho 3_months_ago theo refund_rate (top 10)...
2025-08-03 20:44:25,350 - INFO - Đã lưu 0 refund analysis với data_range 3_months_ago và sort_type refund_rate
2025-08-03 20:44:25,350 - INFO - Phân tích refund cho 3_months_ago theo refund_quantity (top 10)...
2025-08-03 20:44:25,424 - INFO - Đã lưu 0 refund analysis với data_range 3_months_ago và sort_type refund_quantity
2025-08-03 20:44:25,424 - INFO - Phân tích refund cho 3_months_ago theo refund_reason (top 10)...
2025-08-03 20:44:25,498 - INFO - Đã lưu 0 refund analysis với data_range 3_months_ago và sort_type refund_reason
2025-08-03 20:44:25,498 - INFO - Phân tích hàng bán ế cho 3_months_ago theo no_sales (top 20)...
2025-08-03 20:44:25,585 - ERROR - Lỗi lưu slow moving items: (pymysql.err.ProgrammingError) (1146, "Table 'inventory-sale-ai.slow_moving_items' doesn't exist")
[SQL: DELETE FROM slow_moving_items WHERE slow_moving_items.analysis_date = %(analysis_date_1)s AND slow_moving_items.data_range = %(data_range_1)s AND slow_moving_items.sort_type = %(sort_type_1)s]
[parameters: {'analysis_date_1': datetime.date(2024, 6, 30), 'data_range_1': '3_months_ago', 'sort_type_1': 'no_sales'}]
(Background on this error at: https://sqlalche.me/e/20/f405)
2025-08-03 20:44:25,585 - ERROR - Lỗi khi phân tích 3_months_ago: (pymysql.err.ProgrammingError) (1146, "Table 'inventory-sale-ai.slow_moving_items' doesn't exist")
[SQL: DELETE FROM slow_moving_items WHERE slow_moving_items.analysis_date = %(analysis_date_1)s AND slow_moving_items.data_range = %(data_range_1)s AND slow_moving_items.sort_type = %(sort_type_1)s]
[parameters: {'analysis_date_1': datetime.date(2024, 6, 30), 'data_range_1': '3_months_ago', 'sort_type_1': 'no_sales'}]
(Background on this error at: https://sqlalche.me/e/20/f405)
2025-08-03 20:44:25,585 - INFO - Phân tích top 10 selling items cho 6_months_ago theo revenue...
2025-08-03 20:44:25,748 - INFO - Đã lưu 10 top selling items với data_range 6_months_ago và sort_type revenue
2025-08-03 20:44:25,748 - INFO - Phân tích top 10 selling items cho 6_months_ago theo profit...
2025-08-03 20:44:25,912 - INFO - Đã lưu 10 top selling items với data_range 6_months_ago và sort_type profit
2025-08-03 20:44:25,912 - INFO - Phân tích top 10 selling items cho 6_months_ago theo quantity...
2025-08-03 20:44:26,082 - INFO - Đã lưu 10 top selling items với data_range 6_months_ago và sort_type quantity
2025-08-03 20:44:26,082 - INFO - Phân tích hiệu suất category cho 6_months_ago theo revenue (top 10)...
2025-08-03 20:44:26,251 - INFO - Đã lưu 4 category summaries với data_range 6_months_ago và sort_type revenue
2025-08-03 20:44:26,252 - INFO - Phân tích hiệu suất category cho 6_months_ago theo quantity (top 10)...
2025-08-03 20:44:26,422 - INFO - Đã lưu 4 category summaries với data_range 6_months_ago và sort_type quantity
2025-08-03 20:44:26,423 - INFO - Phân tích hiệu suất brand cho 6_months_ago theo revenue (top 10)...
2025-08-03 20:44:26,595 - INFO - Đã lưu 5 brand summaries với data_range 6_months_ago và sort_type revenue
2025-08-03 20:44:26,595 - INFO - Phân tích hiệu suất brand cho 6_months_ago theo quantity (top 10)...
2025-08-03 20:44:26,764 - INFO - Đã lưu 5 brand summaries với data_range 6_months_ago và sort_type quantity
2025-08-03 20:44:26,764 - INFO - Phân tích refund cho 6_months_ago theo refund_count (top 10)...
2025-08-03 20:44:26,920 - ERROR - Lỗi lưu refund analysis: 'refund_count' is an invalid keyword argument for RefundAnalysis
2025-08-03 20:44:26,920 - ERROR - Lỗi khi phân tích 6_months_ago: 'refund_count' is an invalid keyword argument for RefundAnalysis
2025-08-03 20:44:26,920 - INFO - Phân tích top 10 selling items cho 1_year_ago theo revenue...
2025-08-03 20:44:27,088 - INFO - Đã lưu 10 top selling items với data_range 1_year_ago và sort_type revenue
2025-08-03 20:44:27,088 - INFO - Phân tích top 10 selling items cho 1_year_ago theo profit...
2025-08-03 20:44:27,254 - INFO - Đã lưu 10 top selling items với data_range 1_year_ago và sort_type profit
2025-08-03 20:44:27,254 - INFO - Phân tích top 10 selling items cho 1_year_ago theo quantity...
2025-08-03 20:44:27,417 - INFO - Đã lưu 10 top selling items với data_range 1_year_ago và sort_type quantity
2025-08-03 20:44:27,417 - INFO - Phân tích hiệu suất category cho 1_year_ago theo revenue (top 10)...
2025-08-03 20:44:27,588 - INFO - Đã lưu 4 category summaries với data_range 1_year_ago và sort_type revenue
2025-08-03 20:44:27,588 - INFO - Phân tích hiệu suất category cho 1_year_ago theo quantity (top 10)...
2025-08-03 20:44:27,758 - INFO - Đã lưu 4 category summaries với data_range 1_year_ago và sort_type quantity
2025-08-03 20:44:27,758 - INFO - Phân tích hiệu suất brand cho 1_year_ago theo revenue (top 10)...
2025-08-03 20:44:27,935 - INFO - Đã lưu 5 brand summaries với data_range 1_year_ago và sort_type revenue
2025-08-03 20:44:27,935 - INFO - Phân tích hiệu suất brand cho 1_year_ago theo quantity (top 10)...
2025-08-03 20:44:28,110 - INFO - Đã lưu 5 brand summaries với data_range 1_year_ago và sort_type quantity
2025-08-03 20:44:28,111 - INFO - Phân tích refund cho 1_year_ago theo refund_count (top 10)...
2025-08-03 20:44:28,279 - ERROR - Lỗi lưu refund analysis: 'refund_count' is an invalid keyword argument for RefundAnalysis
2025-08-03 20:44:28,279 - ERROR - Lỗi khi phân tích 1_year_ago: 'refund_count' is an invalid keyword argument for RefundAnalysis
2025-08-03 20:44:28,279 - INFO - Phân tích top 10 selling items cho all_time theo revenue...
2025-08-03 20:44:28,452 - INFO - Đã lưu 10 top selling items với data_range all_time và sort_type revenue
2025-08-03 20:44:28,452 - INFO - Phân tích top 10 selling items cho all_time theo profit...
2025-08-03 20:44:28,617 - INFO - Đã lưu 10 top selling items với data_range all_time và sort_type profit
2025-08-03 20:44:28,617 - INFO - Phân tích top 10 selling items cho all_time theo quantity...
2025-08-03 20:44:28,781 - INFO - Đã lưu 10 top selling items với data_range all_time và sort_type quantity
2025-08-03 20:44:28,781 - INFO - Phân tích hiệu suất category cho all_time theo revenue (top 10)...
2025-08-03 20:44:28,953 - INFO - Đã lưu 4 category summaries với data_range all_time và sort_type revenue
2025-08-03 20:44:28,953 - INFO - Phân tích hiệu suất category cho all_time theo quantity (top 10)...
2025-08-03 20:44:29,139 - INFO - Đã lưu 4 category summaries với data_range all_time và sort_type quantity
2025-08-03 20:44:29,139 - INFO - Phân tích hiệu suất brand cho all_time theo revenue (top 10)...
2025-08-03 20:44:29,310 - INFO - Đã lưu 5 brand summaries với data_range all_time và sort_type revenue
2025-08-03 20:44:29,310 - INFO - Phân tích hiệu suất brand cho all_time theo quantity (top 10)...
2025-08-03 20:44:29,480 - INFO - Đã lưu 5 brand summaries với data_range all_time và sort_type quantity
2025-08-03 20:44:29,480 - INFO - Phân tích refund cho all_time theo refund_count (top 10)...
2025-08-03 20:44:29,636 - ERROR - Lỗi lưu refund analysis: 'refund_count' is an invalid keyword argument for RefundAnalysis
2025-08-03 20:44:29,636 - ERROR - Lỗi khi phân tích all_time: 'refund_count' is an invalid keyword argument for RefundAnalysis
2025-08-03 20:53:33,241 - INFO - Loading data from database...
2025-08-03 20:53:33,376 - INFO - Loaded 634 orders, 1252 order items, 40 items, 4 categories, 10 brands, 0 batches
2025-08-03 20:53:33,378 - INFO - Bắt đầu chạy analysis cho tất cả các khoảng thời gian...
2025-08-03 20:53:33,378 - INFO - Phân tích doanh số hàng ngày...
2025-08-03 20:53:33,389 - INFO - Đã lưu daily sales summary cho ngày 2024-06-30
2025-08-03 20:53:33,389 - INFO - Phân tích cảnh báo tồn kho thấp...
2025-08-03 20:53:33,406 - INFO - Đã lưu 0 low stock alerts
2025-08-03 20:53:33,406 - INFO - Phân tích top 10 selling items cho 1_day_ago theo revenue...
2025-08-03 20:53:33,415 - INFO - Đã lưu 10 top selling items với data_range 1_day_ago và sort_type revenue
2025-08-03 20:53:33,415 - INFO - Phân tích top 10 selling items cho 1_day_ago theo profit...
2025-08-03 20:53:33,421 - INFO - Đã lưu 10 top selling items với data_range 1_day_ago và sort_type profit
2025-08-03 20:53:33,421 - INFO - Phân tích top 10 selling items cho 1_day_ago theo quantity...
2025-08-03 20:53:33,428 - INFO - Đã lưu 10 top selling items với data_range 1_day_ago và sort_type quantity
2025-08-03 20:53:33,428 - INFO - Phân tích hiệu suất category cho 1_day_ago theo revenue (top 10)...
2025-08-03 20:53:33,436 - INFO - Đã lưu 3 category summaries với data_range 1_day_ago và sort_type revenue
2025-08-03 20:53:33,436 - INFO - Phân tích hiệu suất category cho 1_day_ago theo quantity (top 10)...
2025-08-03 20:53:33,442 - INFO - Đã lưu 3 category summaries với data_range 1_day_ago và sort_type quantity
2025-08-03 20:53:33,442 - INFO - Phân tích hiệu suất brand cho 1_day_ago theo revenue (top 10)...
2025-08-03 20:53:33,451 - INFO - Đã lưu 5 brand summaries với data_range 1_day_ago và sort_type revenue
2025-08-03 20:53:33,451 - INFO - Phân tích hiệu suất brand cho 1_day_ago theo quantity (top 10)...
2025-08-03 20:53:33,456 - INFO - Đã lưu 5 brand summaries với data_range 1_day_ago và sort_type quantity
2025-08-03 20:53:33,456 - INFO - Phân tích refund cho 1_day_ago theo refund_count (top 10)...
2025-08-03 20:53:33,459 - INFO - Đã lưu 0 refund analyses với data_range 1_day_ago và sort_type refund_count
2025-08-03 20:53:33,459 - INFO - Phân tích refund cho 1_day_ago theo refund_rate (top 10)...
2025-08-03 20:53:33,462 - INFO - Đã lưu 0 refund analyses với data_range 1_day_ago và sort_type refund_rate
2025-08-03 20:53:33,462 - INFO - Phân tích refund cho 1_day_ago theo refund_quantity (top 10)...
2025-08-03 20:53:33,467 - INFO - Đã lưu 0 refund analyses với data_range 1_day_ago và sort_type refund_quantity
2025-08-03 20:53:33,467 - INFO - Phân tích refund cho 1_day_ago theo refund_reason (top 10)...
2025-08-03 20:53:33,470 - INFO - Đã lưu 0 refund analyses với data_range 1_day_ago và sort_type refund_reason
2025-08-03 20:53:33,470 - INFO - Phân tích hàng bán ế cho 1_day_ago theo no_sales (top 20)...
2025-08-03 20:53:33,477 - ERROR - Lỗi lưu slow moving items: (pymysql.err.ProgrammingError) (1146, "Table 'inventory-sale-ai.slow_moving_items' doesn't exist")
[SQL: DELETE FROM slow_moving_items WHERE slow_moving_items.analysis_date = %(analysis_date_1)s AND slow_moving_items.data_range = %(data_range_1)s AND slow_moving_items.sort_type = %(sort_type_1)s]
[parameters: {'analysis_date_1': datetime.date(2024, 6, 30), 'data_range_1': '1_day_ago', 'sort_type_1': 'no_sales'}]
(Background on this error at: https://sqlalche.me/e/20/f405)
2025-08-03 20:53:33,477 - ERROR - Lỗi khi phân tích 1_day_ago: (pymysql.err.ProgrammingError) (1146, "Table 'inventory-sale-ai.slow_moving_items' doesn't exist")
[SQL: DELETE FROM slow_moving_items WHERE slow_moving_items.analysis_date = %(analysis_date_1)s AND slow_moving_items.data_range = %(data_range_1)s AND slow_moving_items.sort_type = %(sort_type_1)s]
[parameters: {'analysis_date_1': datetime.date(2024, 6, 30), 'data_range_1': '1_day_ago', 'sort_type_1': 'no_sales'}]
(Background on this error at: https://sqlalche.me/e/20/f405)
2025-08-03 20:53:33,477 - INFO - Phân tích top 10 selling items cho 7_days_ago theo revenue...
2025-08-03 20:53:33,488 - INFO - Đã lưu 10 top selling items với data_range 7_days_ago và sort_type revenue
2025-08-03 20:53:33,488 - INFO - Phân tích top 10 selling items cho 7_days_ago theo profit...
2025-08-03 20:53:33,494 - INFO - Đã lưu 10 top selling items với data_range 7_days_ago và sort_type profit
2025-08-03 20:53:33,494 - INFO - Phân tích top 10 selling items cho 7_days_ago theo quantity...
2025-08-03 20:53:33,502 - INFO - Đã lưu 10 top selling items với data_range 7_days_ago và sort_type quantity
2025-08-03 20:53:33,502 - INFO - Phân tích hiệu suất category cho 7_days_ago theo revenue (top 10)...
2025-08-03 20:53:33,509 - INFO - Đã lưu 4 category summaries với data_range 7_days_ago và sort_type revenue
2025-08-03 20:53:33,509 - INFO - Phân tích hiệu suất category cho 7_days_ago theo quantity (top 10)...
2025-08-03 20:53:33,517 - INFO - Đã lưu 4 category summaries với data_range 7_days_ago và sort_type quantity
2025-08-03 20:53:33,517 - INFO - Phân tích hiệu suất brand cho 7_days_ago theo revenue (top 10)...
2025-08-03 20:53:33,523 - INFO - Đã lưu 5 brand summaries với data_range 7_days_ago và sort_type revenue
2025-08-03 20:53:33,523 - INFO - Phân tích hiệu suất brand cho 7_days_ago theo quantity (top 10)...
2025-08-03 20:53:33,530 - INFO - Đã lưu 5 brand summaries với data_range 7_days_ago và sort_type quantity
2025-08-03 20:53:33,530 - INFO - Phân tích refund cho 7_days_ago theo refund_count (top 10)...
2025-08-03 20:53:33,534 - INFO - Đã lưu 0 refund analyses với data_range 7_days_ago và sort_type refund_count
2025-08-03 20:53:33,534 - INFO - Phân tích refund cho 7_days_ago theo refund_rate (top 10)...
2025-08-03 20:53:33,538 - INFO - Đã lưu 0 refund analyses với data_range 7_days_ago và sort_type refund_rate
2025-08-03 20:53:33,538 - INFO - Phân tích refund cho 7_days_ago theo refund_quantity (top 10)...
2025-08-03 20:53:33,542 - INFO - Đã lưu 0 refund analyses với data_range 7_days_ago và sort_type refund_quantity
2025-08-03 20:53:33,542 - INFO - Phân tích refund cho 7_days_ago theo refund_reason (top 10)...
2025-08-03 20:53:33,545 - INFO - Đã lưu 0 refund analyses với data_range 7_days_ago và sort_type refund_reason
2025-08-03 20:53:33,546 - INFO - Phân tích hàng bán ế cho 7_days_ago theo no_sales (top 20)...
2025-08-03 20:53:33,552 - ERROR - Lỗi lưu slow moving items: (pymysql.err.ProgrammingError) (1146, "Table 'inventory-sale-ai.slow_moving_items' doesn't exist")
[SQL: DELETE FROM slow_moving_items WHERE slow_moving_items.analysis_date = %(analysis_date_1)s AND slow_moving_items.data_range = %(data_range_1)s AND slow_moving_items.sort_type = %(sort_type_1)s]
[parameters: {'analysis_date_1': datetime.date(2024, 6, 30), 'data_range_1': '7_days_ago', 'sort_type_1': 'no_sales'}]
(Background on this error at: https://sqlalche.me/e/20/f405)
2025-08-03 20:53:33,552 - ERROR - Lỗi khi phân tích 7_days_ago: (pymysql.err.ProgrammingError) (1146, "Table 'inventory-sale-ai.slow_moving_items' doesn't exist")
[SQL: DELETE FROM slow_moving_items WHERE slow_moving_items.analysis_date = %(analysis_date_1)s AND slow_moving_items.data_range = %(data_range_1)s AND slow_moving_items.sort_type = %(sort_type_1)s]
[parameters: {'analysis_date_1': datetime.date(2024, 6, 30), 'data_range_1': '7_days_ago', 'sort_type_1': 'no_sales'}]
(Background on this error at: https://sqlalche.me/e/20/f405)
2025-08-03 20:53:33,552 - INFO - Phân tích top 10 selling items cho 1_month_ago theo revenue...
2025-08-03 20:53:33,569 - INFO - Đã lưu 10 top selling items với data_range 1_month_ago và sort_type revenue
2025-08-03 20:53:33,569 - INFO - Phân tích top 10 selling items cho 1_month_ago theo profit...
2025-08-03 20:53:33,585 - INFO - Đã lưu 10 top selling items với data_range 1_month_ago và sort_type profit
2025-08-03 20:53:33,585 - INFO - Phân tích top 10 selling items cho 1_month_ago theo quantity...
2025-08-03 20:53:33,601 - INFO - Đã lưu 10 top selling items với data_range 1_month_ago và sort_type quantity
2025-08-03 20:53:33,601 - INFO - Phân tích hiệu suất category cho 1_month_ago theo revenue (top 10)...
2025-08-03 20:53:33,618 - INFO - Đã lưu 4 category summaries với data_range 1_month_ago và sort_type revenue
2025-08-03 20:53:33,618 - INFO - Phân tích hiệu suất category cho 1_month_ago theo quantity (top 10)...
2025-08-03 20:53:33,635 - INFO - Đã lưu 4 category summaries với data_range 1_month_ago và sort_type quantity
2025-08-03 20:53:33,635 - INFO - Phân tích hiệu suất brand cho 1_month_ago theo revenue (top 10)...
2025-08-03 20:53:33,652 - INFO - Đã lưu 5 brand summaries với data_range 1_month_ago và sort_type revenue
2025-08-03 20:53:33,652 - INFO - Phân tích hiệu suất brand cho 1_month_ago theo quantity (top 10)...
2025-08-03 20:53:33,671 - INFO - Đã lưu 5 brand summaries với data_range 1_month_ago và sort_type quantity
2025-08-03 20:53:33,672 - INFO - Phân tích refund cho 1_month_ago theo refund_count (top 10)...
2025-08-03 20:53:33,684 - INFO - Đã lưu 0 refund analyses với data_range 1_month_ago và sort_type refund_count
2025-08-03 20:53:33,684 - INFO - Phân tích refund cho 1_month_ago theo refund_rate (top 10)...
2025-08-03 20:53:33,695 - INFO - Đã lưu 0 refund analyses với data_range 1_month_ago và sort_type refund_rate
2025-08-03 20:53:33,696 - INFO - Phân tích refund cho 1_month_ago theo refund_quantity (top 10)...
2025-08-03 20:53:33,707 - INFO - Đã lưu 0 refund analyses với data_range 1_month_ago và sort_type refund_quantity
2025-08-03 20:53:33,707 - INFO - Phân tích refund cho 1_month_ago theo refund_reason (top 10)...
2025-08-03 20:53:33,718 - INFO - Đã lưu 0 refund analyses với data_range 1_month_ago và sort_type refund_reason
2025-08-03 20:53:33,719 - INFO - Phân tích hàng bán ế cho 1_month_ago theo no_sales (top 20)...
2025-08-03 20:53:33,736 - ERROR - Lỗi lưu slow moving items: (pymysql.err.ProgrammingError) (1146, "Table 'inventory-sale-ai.slow_moving_items' doesn't exist")
[SQL: DELETE FROM slow_moving_items WHERE slow_moving_items.analysis_date = %(analysis_date_1)s AND slow_moving_items.data_range = %(data_range_1)s AND slow_moving_items.sort_type = %(sort_type_1)s]
[parameters: {'analysis_date_1': datetime.date(2024, 6, 30), 'data_range_1': '1_month_ago', 'sort_type_1': 'no_sales'}]
(Background on this error at: https://sqlalche.me/e/20/f405)
2025-08-03 20:53:33,736 - ERROR - Lỗi khi phân tích 1_month_ago: (pymysql.err.ProgrammingError) (1146, "Table 'inventory-sale-ai.slow_moving_items' doesn't exist")
[SQL: DELETE FROM slow_moving_items WHERE slow_moving_items.analysis_date = %(analysis_date_1)s AND slow_moving_items.data_range = %(data_range_1)s AND slow_moving_items.sort_type = %(sort_type_1)s]
[parameters: {'analysis_date_1': datetime.date(2024, 6, 30), 'data_range_1': '1_month_ago', 'sort_type_1': 'no_sales'}]
(Background on this error at: https://sqlalche.me/e/20/f405)
2025-08-03 20:53:33,736 - INFO - Phân tích top 10 selling items cho 3_months_ago theo revenue...
2025-08-03 20:53:33,822 - INFO - Đã lưu 10 top selling items với data_range 3_months_ago và sort_type revenue
2025-08-03 20:53:33,822 - INFO - Phân tích top 10 selling items cho 3_months_ago theo profit...
2025-08-03 20:53:33,909 - INFO - Đã lưu 10 top selling items với data_range 3_months_ago và sort_type profit
2025-08-03 20:53:33,909 - INFO - Phân tích top 10 selling items cho 3_months_ago theo quantity...
2025-08-03 20:53:33,999 - INFO - Đã lưu 10 top selling items với data_range 3_months_ago và sort_type quantity
2025-08-03 20:53:33,999 - INFO - Phân tích hiệu suất category cho 3_months_ago theo revenue (top 10)...
2025-08-03 20:53:34,091 - INFO - Đã lưu 4 category summaries với data_range 3_months_ago và sort_type revenue
2025-08-03 20:53:34,091 - INFO - Phân tích hiệu suất category cho 3_months_ago theo quantity (top 10)...
2025-08-03 20:53:34,184 - INFO - Đã lưu 4 category summaries với data_range 3_months_ago và sort_type quantity
2025-08-03 20:53:34,185 - INFO - Phân tích hiệu suất brand cho 3_months_ago theo revenue (top 10)...
2025-08-03 20:53:34,276 - INFO - Đã lưu 5 brand summaries với data_range 3_months_ago và sort_type revenue
2025-08-03 20:53:34,276 - INFO - Phân tích hiệu suất brand cho 3_months_ago theo quantity (top 10)...
2025-08-03 20:53:34,368 - INFO - Đã lưu 5 brand summaries với data_range 3_months_ago và sort_type quantity
2025-08-03 20:53:34,368 - INFO - Phân tích refund cho 3_months_ago theo refund_count (top 10)...
2025-08-03 20:53:34,444 - INFO - Đã lưu 0 refund analyses với data_range 3_months_ago và sort_type refund_count
2025-08-03 20:53:34,444 - INFO - Phân tích refund cho 3_months_ago theo refund_rate (top 10)...
2025-08-03 20:53:34,531 - INFO - Đã lưu 0 refund analyses với data_range 3_months_ago và sort_type refund_rate
2025-08-03 20:53:34,531 - INFO - Phân tích refund cho 3_months_ago theo refund_quantity (top 10)...
2025-08-03 20:53:34,615 - INFO - Đã lưu 0 refund analyses với data_range 3_months_ago và sort_type refund_quantity
2025-08-03 20:53:34,615 - INFO - Phân tích refund cho 3_months_ago theo refund_reason (top 10)...
2025-08-03 20:53:34,695 - INFO - Đã lưu 0 refund analyses với data_range 3_months_ago và sort_type refund_reason
2025-08-03 20:53:34,695 - INFO - Phân tích hàng bán ế cho 3_months_ago theo no_sales (top 20)...
2025-08-03 20:53:34,784 - ERROR - Lỗi lưu slow moving items: (pymysql.err.ProgrammingError) (1146, "Table 'inventory-sale-ai.slow_moving_items' doesn't exist")
[SQL: DELETE FROM slow_moving_items WHERE slow_moving_items.analysis_date = %(analysis_date_1)s AND slow_moving_items.data_range = %(data_range_1)s AND slow_moving_items.sort_type = %(sort_type_1)s]
[parameters: {'analysis_date_1': datetime.date(2024, 6, 30), 'data_range_1': '3_months_ago', 'sort_type_1': 'no_sales'}]
(Background on this error at: https://sqlalche.me/e/20/f405)
2025-08-03 20:53:34,785 - ERROR - Lỗi khi phân tích 3_months_ago: (pymysql.err.ProgrammingError) (1146, "Table 'inventory-sale-ai.slow_moving_items' doesn't exist")
[SQL: DELETE FROM slow_moving_items WHERE slow_moving_items.analysis_date = %(analysis_date_1)s AND slow_moving_items.data_range = %(data_range_1)s AND slow_moving_items.sort_type = %(sort_type_1)s]
[parameters: {'analysis_date_1': datetime.date(2024, 6, 30), 'data_range_1': '3_months_ago', 'sort_type_1': 'no_sales'}]
(Background on this error at: https://sqlalche.me/e/20/f405)
2025-08-03 20:53:34,785 - INFO - Phân tích top 10 selling items cho 6_months_ago theo revenue...
2025-08-03 20:53:34,959 - INFO - Đã lưu 10 top selling items với data_range 6_months_ago và sort_type revenue
2025-08-03 20:53:34,959 - INFO - Phân tích top 10 selling items cho 6_months_ago theo profit...
2025-08-03 20:53:35,131 - INFO - Đã lưu 10 top selling items với data_range 6_months_ago và sort_type profit
2025-08-03 20:53:35,131 - INFO - Phân tích top 10 selling items cho 6_months_ago theo quantity...
2025-08-03 20:53:35,304 - INFO - Đã lưu 10 top selling items với data_range 6_months_ago và sort_type quantity
2025-08-03 20:53:35,304 - INFO - Phân tích hiệu suất category cho 6_months_ago theo revenue (top 10)...
2025-08-03 20:53:35,484 - INFO - Đã lưu 4 category summaries với data_range 6_months_ago và sort_type revenue
2025-08-03 20:53:35,484 - INFO - Phân tích hiệu suất category cho 6_months_ago theo quantity (top 10)...
2025-08-03 20:53:35,667 - INFO - Đã lưu 4 category summaries với data_range 6_months_ago và sort_type quantity
2025-08-03 20:53:35,667 - INFO - Phân tích hiệu suất brand cho 6_months_ago theo revenue (top 10)...
2025-08-03 20:53:35,844 - INFO - Đã lưu 5 brand summaries với data_range 6_months_ago và sort_type revenue
2025-08-03 20:53:35,844 - INFO - Phân tích hiệu suất brand cho 6_months_ago theo quantity (top 10)...
2025-08-03 20:53:36,024 - INFO - Đã lưu 5 brand summaries với data_range 6_months_ago và sort_type quantity
2025-08-03 20:53:36,024 - INFO - Phân tích refund cho 6_months_ago theo refund_count (top 10)...
2025-08-03 20:53:36,191 - INFO - Đã lưu 10 refund analyses với data_range 6_months_ago và sort_type refund_count
2025-08-03 20:53:36,192 - INFO - Phân tích refund cho 6_months_ago theo refund_rate (top 10)...
2025-08-03 20:53:36,357 - INFO - Đã lưu 10 refund analyses với data_range 6_months_ago và sort_type refund_rate
2025-08-03 20:53:36,357 - INFO - Phân tích refund cho 6_months_ago theo refund_quantity (top 10)...
2025-08-03 20:53:36,525 - INFO - Đã lưu 10 refund analyses với data_range 6_months_ago và sort_type refund_quantity
2025-08-03 20:53:36,525 - INFO - Phân tích refund cho 6_months_ago theo refund_reason (top 10)...
2025-08-03 20:53:36,691 - INFO - Đã lưu 1 refund analyses với data_range 6_months_ago và sort_type refund_reason
2025-08-03 20:53:36,691 - INFO - Phân tích hàng bán ế cho 6_months_ago theo no_sales (top 20)...
2025-08-03 20:53:36,881 - ERROR - Lỗi lưu slow moving items: (pymysql.err.ProgrammingError) (1146, "Table 'inventory-sale-ai.slow_moving_items' doesn't exist")
[SQL: DELETE FROM slow_moving_items WHERE slow_moving_items.analysis_date = %(analysis_date_1)s AND slow_moving_items.data_range = %(data_range_1)s AND slow_moving_items.sort_type = %(sort_type_1)s]
[parameters: {'analysis_date_1': datetime.date(2024, 6, 30), 'data_range_1': '6_months_ago', 'sort_type_1': 'no_sales'}]
(Background on this error at: https://sqlalche.me/e/20/f405)
2025-08-03 20:53:36,881 - ERROR - Lỗi khi phân tích 6_months_ago: (pymysql.err.ProgrammingError) (1146, "Table 'inventory-sale-ai.slow_moving_items' doesn't exist")
[SQL: DELETE FROM slow_moving_items WHERE slow_moving_items.analysis_date = %(analysis_date_1)s AND slow_moving_items.data_range = %(data_range_1)s AND slow_moving_items.sort_type = %(sort_type_1)s]
[parameters: {'analysis_date_1': datetime.date(2024, 6, 30), 'data_range_1': '6_months_ago', 'sort_type_1': 'no_sales'}]
(Background on this error at: https://sqlalche.me/e/20/f405)
2025-08-03 20:53:36,881 - INFO - Phân tích top 10 selling items cho 1_year_ago theo revenue...
2025-08-03 20:53:37,057 - INFO - Đã lưu 10 top selling items với data_range 1_year_ago và sort_type revenue
2025-08-03 20:53:37,057 - INFO - Phân tích top 10 selling items cho 1_year_ago theo profit...
2025-08-03 20:53:37,233 - INFO - Đã lưu 10 top selling items với data_range 1_year_ago và sort_type profit
2025-08-03 20:53:37,234 - INFO - Phân tích top 10 selling items cho 1_year_ago theo quantity...
2025-08-03 20:53:37,404 - INFO - Đã lưu 10 top selling items với data_range 1_year_ago và sort_type quantity
2025-08-03 20:53:37,404 - INFO - Phân tích hiệu suất category cho 1_year_ago theo revenue (top 10)...
2025-08-03 20:53:37,591 - INFO - Đã lưu 4 category summaries với data_range 1_year_ago và sort_type revenue
2025-08-03 20:53:37,592 - INFO - Phân tích hiệu suất category cho 1_year_ago theo quantity (top 10)...
2025-08-03 20:53:37,777 - INFO - Đã lưu 4 category summaries với data_range 1_year_ago và sort_type quantity
2025-08-03 20:53:37,777 - INFO - Phân tích hiệu suất brand cho 1_year_ago theo revenue (top 10)...
2025-08-03 20:53:37,958 - INFO - Đã lưu 5 brand summaries với data_range 1_year_ago và sort_type revenue
2025-08-03 20:53:37,958 - INFO - Phân tích hiệu suất brand cho 1_year_ago theo quantity (top 10)...
2025-08-03 20:53:38,138 - INFO - Đã lưu 5 brand summaries với data_range 1_year_ago và sort_type quantity
2025-08-03 20:53:38,138 - INFO - Phân tích refund cho 1_year_ago theo refund_count (top 10)...
2025-08-03 20:53:38,313 - INFO - Đã lưu 10 refund analyses với data_range 1_year_ago và sort_type refund_count
2025-08-03 20:53:38,313 - INFO - Phân tích refund cho 1_year_ago theo refund_rate (top 10)...
2025-08-03 20:53:38,529 - INFO - Đã lưu 10 refund analyses với data_range 1_year_ago và sort_type refund_rate
2025-08-03 20:53:38,529 - INFO - Phân tích refund cho 1_year_ago theo refund_quantity (top 10)...
2025-08-03 20:53:38,701 - INFO - Đã lưu 10 refund analyses với data_range 1_year_ago và sort_type refund_quantity
2025-08-03 20:53:38,701 - INFO - Phân tích refund cho 1_year_ago theo refund_reason (top 10)...
2025-08-03 20:53:38,869 - INFO - Đã lưu 1 refund analyses với data_range 1_year_ago và sort_type refund_reason
2025-08-03 20:53:38,869 - INFO - Phân tích hàng bán ế cho 1_year_ago theo no_sales (top 20)...
2025-08-03 20:53:39,245 - ERROR - Lỗi lưu slow moving items: (pymysql.err.ProgrammingError) (1146, "Table 'inventory-sale-ai.slow_moving_items' doesn't exist")
[SQL: DELETE FROM slow_moving_items WHERE slow_moving_items.analysis_date = %(analysis_date_1)s AND slow_moving_items.data_range = %(data_range_1)s AND slow_moving_items.sort_type = %(sort_type_1)s]
[parameters: {'analysis_date_1': datetime.date(2024, 6, 30), 'data_range_1': '1_year_ago', 'sort_type_1': 'no_sales'}]
(Background on this error at: https://sqlalche.me/e/20/f405)
2025-08-03 20:53:39,245 - ERROR - Lỗi khi phân tích 1_year_ago: (pymysql.err.ProgrammingError) (1146, "Table 'inventory-sale-ai.slow_moving_items' doesn't exist")
[SQL: DELETE FROM slow_moving_items WHERE slow_moving_items.analysis_date = %(analysis_date_1)s AND slow_moving_items.data_range = %(data_range_1)s AND slow_moving_items.sort_type = %(sort_type_1)s]
[parameters: {'analysis_date_1': datetime.date(2024, 6, 30), 'data_range_1': '1_year_ago', 'sort_type_1': 'no_sales'}]
(Background on this error at: https://sqlalche.me/e/20/f405)
2025-08-03 20:53:39,245 - INFO - Phân tích top 10 selling items cho all_time theo revenue...
2025-08-03 20:53:39,420 - INFO - Đã lưu 10 top selling items với data_range all_time và sort_type revenue
2025-08-03 20:53:39,420 - INFO - Phân tích top 10 selling items cho all_time theo profit...
2025-08-03 20:53:39,592 - INFO - Đã lưu 10 top selling items với data_range all_time và sort_type profit
2025-08-03 20:53:39,593 - INFO - Phân tích top 10 selling items cho all_time theo quantity...
2025-08-03 20:53:39,768 - INFO - Đã lưu 10 top selling items với data_range all_time và sort_type quantity
2025-08-03 20:53:39,768 - INFO - Phân tích hiệu suất category cho all_time theo revenue (top 10)...
2025-08-03 20:53:39,950 - INFO - Đã lưu 4 category summaries với data_range all_time và sort_type revenue
2025-08-03 20:53:39,950 - INFO - Phân tích hiệu suất category cho all_time theo quantity (top 10)...
2025-08-03 20:53:40,132 - INFO - Đã lưu 4 category summaries với data_range all_time và sort_type quantity
2025-08-03 20:53:40,132 - INFO - Phân tích hiệu suất brand cho all_time theo revenue (top 10)...
2025-08-03 20:53:40,309 - INFO - Đã lưu 5 brand summaries với data_range all_time và sort_type revenue
2025-08-03 20:53:40,309 - INFO - Phân tích hiệu suất brand cho all_time theo quantity (top 10)...
2025-08-03 20:53:40,487 - INFO - Đã lưu 5 brand summaries với data_range all_time và sort_type quantity
2025-08-03 20:53:40,487 - INFO - Phân tích refund cho all_time theo refund_count (top 10)...
2025-08-03 20:53:40,652 - INFO - Đã lưu 10 refund analyses với data_range all_time và sort_type refund_count
2025-08-03 20:53:40,652 - INFO - Phân tích refund cho all_time theo refund_rate (top 10)...
2025-08-03 20:53:40,819 - INFO - Đã lưu 10 refund analyses với data_range all_time và sort_type refund_rate
2025-08-03 20:53:40,820 - INFO - Phân tích refund cho all_time theo refund_quantity (top 10)...
2025-08-03 20:53:40,984 - INFO - Đã lưu 10 refund analyses với data_range all_time và sort_type refund_quantity
2025-08-03 20:53:40,984 - INFO - Phân tích refund cho all_time theo refund_reason (top 10)...
2025-08-03 20:53:41,147 - INFO - Đã lưu 1 refund analyses với data_range all_time và sort_type refund_reason
2025-08-03 20:53:41,147 - INFO - Phân tích hàng bán ế cho all_time theo no_sales (top 20)...
2025-08-03 20:53:41,349 - ERROR - Lỗi lưu slow moving items: (pymysql.err.ProgrammingError) (1146, "Table 'inventory-sale-ai.slow_moving_items' doesn't exist")
[SQL: DELETE FROM slow_moving_items WHERE slow_moving_items.analysis_date = %(analysis_date_1)s AND slow_moving_items.data_range = %(data_range_1)s AND slow_moving_items.sort_type = %(sort_type_1)s]
[parameters: {'analysis_date_1': datetime.date(2024, 6, 30), 'data_range_1': 'all_time', 'sort_type_1': 'no_sales'}]
(Background on this error at: https://sqlalche.me/e/20/f405)
2025-08-03 20:53:41,349 - ERROR - Lỗi khi phân tích all_time: (pymysql.err.ProgrammingError) (1146, "Table 'inventory-sale-ai.slow_moving_items' doesn't exist")
[SQL: DELETE FROM slow_moving_items WHERE slow_moving_items.analysis_date = %(analysis_date_1)s AND slow_moving_items.data_range = %(data_range_1)s AND slow_moving_items.sort_type = %(sort_type_1)s]
[parameters: {'analysis_date_1': datetime.date(2024, 6, 30), 'data_range_1': 'all_time', 'sort_type_1': 'no_sales'}]
(Background on this error at: https://sqlalche.me/e/20/f405)
2025-08-03 20:56:33,833 - INFO - Loading data from database...
2025-08-03 20:56:33,941 - INFO - Loaded 634 orders, 1252 order items, 40 items, 4 categories, 10 brands, 0 batches
2025-08-03 20:56:33,945 - INFO - Bắt đầu chạy analysis cho tất cả các khoảng thời gian...
2025-08-03 20:56:33,945 - INFO - Phân tích doanh số hàng ngày...
2025-08-03 20:56:33,961 - INFO - Đã lưu daily sales summary cho ngày 2024-06-30
2025-08-03 20:56:33,961 - INFO - Phân tích cảnh báo tồn kho thấp...
2025-08-03 20:56:33,978 - INFO - Đã lưu 0 low stock alerts
2025-08-03 20:56:33,978 - INFO - Phân tích top 10 selling items cho 1_day_ago theo revenue...
2025-08-03 20:56:33,987 - INFO - Đã lưu 10 top selling items với data_range 1_day_ago và sort_type revenue
2025-08-03 20:56:33,987 - INFO - Phân tích top 10 selling items cho 1_day_ago theo profit...
2025-08-03 20:56:33,993 - INFO - Đã lưu 10 top selling items với data_range 1_day_ago và sort_type profit
2025-08-03 20:56:33,993 - INFO - Phân tích top 10 selling items cho 1_day_ago theo quantity...
2025-08-03 20:56:33,999 - INFO - Đã lưu 10 top selling items với data_range 1_day_ago và sort_type quantity
2025-08-03 20:56:33,999 - INFO - Phân tích hiệu suất category cho 1_day_ago theo revenue (top 10)...
2025-08-03 20:56:34,007 - INFO - Đã lưu 3 category summaries với data_range 1_day_ago và sort_type revenue
2025-08-03 20:56:34,007 - INFO - Phân tích hiệu suất category cho 1_day_ago theo quantity (top 10)...
2025-08-03 20:56:34,012 - INFO - Đã lưu 3 category summaries với data_range 1_day_ago và sort_type quantity
2025-08-03 20:56:34,012 - INFO - Phân tích hiệu suất brand cho 1_day_ago theo revenue (top 10)...
2025-08-03 20:56:34,018 - INFO - Đã lưu 5 brand summaries với data_range 1_day_ago và sort_type revenue
2025-08-03 20:56:34,018 - INFO - Phân tích hiệu suất brand cho 1_day_ago theo quantity (top 10)...
2025-08-03 20:56:34,023 - INFO - Đã lưu 5 brand summaries với data_range 1_day_ago và sort_type quantity
2025-08-03 20:56:34,023 - INFO - Phân tích refund cho 1_day_ago theo refund_count (top 10)...
2025-08-03 20:56:34,026 - INFO - Đã lưu 0 refund analyses với data_range 1_day_ago và sort_type refund_count
2025-08-03 20:56:34,026 - INFO - Phân tích refund cho 1_day_ago theo refund_rate (top 10)...
2025-08-03 20:56:34,028 - INFO - Đã lưu 0 refund analyses với data_range 1_day_ago và sort_type refund_rate
2025-08-03 20:56:34,028 - INFO - Phân tích refund cho 1_day_ago theo refund_quantity (top 10)...
2025-08-03 20:56:34,031 - INFO - Đã lưu 0 refund analyses với data_range 1_day_ago và sort_type refund_quantity
2025-08-03 20:56:34,031 - INFO - Phân tích refund cho 1_day_ago theo refund_reason (top 10)...
2025-08-03 20:56:34,033 - INFO - Đã lưu 0 refund analyses với data_range 1_day_ago và sort_type refund_reason
2025-08-03 20:56:34,033 - INFO - Phân tích hàng bán ế cho 1_day_ago theo no_sales (top 20)...
2025-08-03 20:56:34,042 - INFO - Đã lưu 20 slow moving items với data_range 1_day_ago và sort_type no_sales
2025-08-03 20:56:34,042 - INFO - Phân tích hàng bán ế cho 1_day_ago theo low_sales (top 20)...
2025-08-03 20:56:34,047 - INFO - Đã lưu 5 slow moving items với data_range 1_day_ago và sort_type low_sales
2025-08-03 20:56:34,047 - INFO - Phân tích hàng bán ế cho 1_day_ago theo high_stock_low_sales (top 20)...
2025-08-03 20:56:34,053 - INFO - Đã lưu 20 slow moving items với data_range 1_day_ago và sort_type high_stock_low_sales
2025-08-03 20:56:34,053 - INFO - Phân tích hàng bán ế cho 1_day_ago theo aging_stock (top 20)...
2025-08-03 20:56:34,056 - INFO - Đã lưu 0 slow moving items với data_range 1_day_ago và sort_type aging_stock
2025-08-03 20:56:34,056 - INFO - Phân tích top 10 selling items cho 7_days_ago theo revenue...
2025-08-03 20:56:34,063 - INFO - Đã lưu 10 top selling items với data_range 7_days_ago và sort_type revenue
2025-08-03 20:56:34,063 - INFO - Phân tích top 10 selling items cho 7_days_ago theo profit...
2025-08-03 20:56:34,071 - INFO - Đã lưu 10 top selling items với data_range 7_days_ago và sort_type profit
2025-08-03 20:56:34,071 - INFO - Phân tích top 10 selling items cho 7_days_ago theo quantity...
2025-08-03 20:56:34,078 - INFO - Đã lưu 10 top selling items với data_range 7_days_ago và sort_type quantity
2025-08-03 20:56:34,078 - INFO - Phân tích hiệu suất category cho 7_days_ago theo revenue (top 10)...
2025-08-03 20:56:34,086 - INFO - Đã lưu 4 category summaries với data_range 7_days_ago và sort_type revenue
2025-08-03 20:56:34,086 - INFO - Phân tích hiệu suất category cho 7_days_ago theo quantity (top 10)...
2025-08-03 20:56:34,092 - INFO - Đã lưu 4 category summaries với data_range 7_days_ago và sort_type quantity
2025-08-03 20:56:34,093 - INFO - Phân tích hiệu suất brand cho 7_days_ago theo revenue (top 10)...
2025-08-03 20:56:34,101 - INFO - Đã lưu 5 brand summaries với data_range 7_days_ago và sort_type revenue
2025-08-03 20:56:34,101 - INFO - Phân tích hiệu suất brand cho 7_days_ago theo quantity (top 10)...
2025-08-03 20:56:34,108 - INFO - Đã lưu 5 brand summaries với data_range 7_days_ago và sort_type quantity
2025-08-03 20:56:34,108 - INFO - Phân tích refund cho 7_days_ago theo refund_count (top 10)...
2025-08-03 20:56:34,112 - INFO - Đã lưu 0 refund analyses với data_range 7_days_ago và sort_type refund_count
2025-08-03 20:56:34,112 - INFO - Phân tích refund cho 7_days_ago theo refund_rate (top 10)...
2025-08-03 20:56:34,115 - INFO - Đã lưu 0 refund analyses với data_range 7_days_ago và sort_type refund_rate
2025-08-03 20:56:34,116 - INFO - Phân tích refund cho 7_days_ago theo refund_quantity (top 10)...
2025-08-03 20:56:34,120 - INFO - Đã lưu 0 refund analyses với data_range 7_days_ago và sort_type refund_quantity
2025-08-03 20:56:34,120 - INFO - Phân tích refund cho 7_days_ago theo refund_reason (top 10)...
2025-08-03 20:56:34,123 - INFO - Đã lưu 0 refund analyses với data_range 7_days_ago và sort_type refund_reason
2025-08-03 20:56:34,124 - INFO - Phân tích hàng bán ế cho 7_days_ago theo no_sales (top 20)...
2025-08-03 20:56:34,131 - INFO - Đã lưu 5 slow moving items với data_range 7_days_ago và sort_type no_sales
2025-08-03 20:56:34,131 - INFO - Phân tích hàng bán ế cho 7_days_ago theo low_sales (top 20)...
2025-08-03 20:56:34,141 - INFO - Đã lưu 18 slow moving items với data_range 7_days_ago và sort_type low_sales
2025-08-03 20:56:34,141 - INFO - Phân tích hàng bán ế cho 7_days_ago theo high_stock_low_sales (top 20)...
2025-08-03 20:56:34,151 - INFO - Đã lưu 20 slow moving items với data_range 7_days_ago và sort_type high_stock_low_sales
2025-08-03 20:56:34,151 - INFO - Phân tích hàng bán ế cho 7_days_ago theo aging_stock (top 20)...
2025-08-03 20:56:34,157 - INFO - Đã lưu 0 slow moving items với data_range 7_days_ago và sort_type aging_stock
2025-08-03 20:56:34,157 - INFO - Phân tích top 10 selling items cho 1_month_ago theo revenue...
2025-08-03 20:56:34,173 - INFO - Đã lưu 10 top selling items với data_range 1_month_ago và sort_type revenue
2025-08-03 20:56:34,173 - INFO - Phân tích top 10 selling items cho 1_month_ago theo profit...
2025-08-03 20:56:34,189 - INFO - Đã lưu 10 top selling items với data_range 1_month_ago và sort_type profit
2025-08-03 20:56:34,189 - INFO - Phân tích top 10 selling items cho 1_month_ago theo quantity...
2025-08-03 20:56:34,205 - INFO - Đã lưu 10 top selling items với data_range 1_month_ago và sort_type quantity
2025-08-03 20:56:34,205 - INFO - Phân tích hiệu suất category cho 1_month_ago theo revenue (top 10)...
2025-08-03 20:56:34,222 - INFO - Đã lưu 4 category summaries với data_range 1_month_ago và sort_type revenue
2025-08-03 20:56:34,222 - INFO - Phân tích hiệu suất category cho 1_month_ago theo quantity (top 10)...
2025-08-03 20:56:34,238 - INFO - Đã lưu 4 category summaries với data_range 1_month_ago và sort_type quantity
2025-08-03 20:56:34,238 - INFO - Phân tích hiệu suất brand cho 1_month_ago theo revenue (top 10)...
2025-08-03 20:56:34,255 - INFO - Đã lưu 5 brand summaries với data_range 1_month_ago và sort_type revenue
2025-08-03 20:56:34,255 - INFO - Phân tích hiệu suất brand cho 1_month_ago theo quantity (top 10)...
2025-08-03 20:56:34,271 - INFO - Đã lưu 5 brand summaries với data_range 1_month_ago và sort_type quantity
2025-08-03 20:56:34,271 - INFO - Phân tích refund cho 1_month_ago theo refund_count (top 10)...
2025-08-03 20:56:34,282 - INFO - Đã lưu 0 refund analyses với data_range 1_month_ago và sort_type refund_count
2025-08-03 20:56:34,282 - INFO - Phân tích refund cho 1_month_ago theo refund_rate (top 10)...
2025-08-03 20:56:34,295 - INFO - Đã lưu 0 refund analyses với data_range 1_month_ago và sort_type refund_rate
2025-08-03 20:56:34,295 - INFO - Phân tích refund cho 1_month_ago theo refund_quantity (top 10)...
2025-08-03 20:56:34,308 - INFO - Đã lưu 0 refund analyses với data_range 1_month_ago và sort_type refund_quantity
2025-08-03 20:56:34,308 - INFO - Phân tích refund cho 1_month_ago theo refund_reason (top 10)...
2025-08-03 20:56:34,320 - INFO - Đã lưu 0 refund analyses với data_range 1_month_ago và sort_type refund_reason
2025-08-03 20:56:34,320 - INFO - Phân tích hàng bán ế cho 1_month_ago theo no_sales (top 20)...
2025-08-03 20:56:34,337 - INFO - Đã lưu 0 slow moving items với data_range 1_month_ago và sort_type no_sales
2025-08-03 20:56:34,337 - INFO - Phân tích hàng bán ế cho 1_month_ago theo low_sales (top 20)...
2025-08-03 20:56:34,363 - INFO - Đã lưu 13 slow moving items với data_range 1_month_ago và sort_type low_sales
2025-08-03 20:56:34,363 - INFO - Phân tích hàng bán ế cho 1_month_ago theo high_stock_low_sales (top 20)...
2025-08-03 20:56:34,383 - INFO - Đã lưu 20 slow moving items với data_range 1_month_ago và sort_type high_stock_low_sales
2025-08-03 20:56:34,383 - INFO - Phân tích hàng bán ế cho 1_month_ago theo aging_stock (top 20)...
2025-08-03 20:56:34,401 - INFO - Đã lưu 0 slow moving items với data_range 1_month_ago và sort_type aging_stock
2025-08-03 20:56:34,401 - INFO - Phân tích top 10 selling items cho 3_months_ago theo revenue...
2025-08-03 20:56:34,487 - INFO - Đã lưu 10 top selling items với data_range 3_months_ago và sort_type revenue
2025-08-03 20:56:34,487 - INFO - Phân tích top 10 selling items cho 3_months_ago theo profit...
2025-08-03 20:56:34,571 - INFO - Đã lưu 10 top selling items với data_range 3_months_ago và sort_type profit
2025-08-03 20:56:34,571 - INFO - Phân tích top 10 selling items cho 3_months_ago theo quantity...
2025-08-03 20:56:34,659 - INFO - Đã lưu 10 top selling items với data_range 3_months_ago và sort_type quantity
2025-08-03 20:56:34,659 - INFO - Phân tích hiệu suất category cho 3_months_ago theo revenue (top 10)...
2025-08-03 20:56:34,749 - INFO - Đã lưu 4 category summaries với data_range 3_months_ago và sort_type revenue
2025-08-03 20:56:34,749 - INFO - Phân tích hiệu suất category cho 3_months_ago theo quantity (top 10)...
2025-08-03 20:56:34,836 - INFO - Đã lưu 4 category summaries với data_range 3_months_ago và sort_type quantity
2025-08-03 20:56:34,836 - INFO - Phân tích hiệu suất brand cho 3_months_ago theo revenue (top 10)...
2025-08-03 20:56:34,928 - INFO - Đã lưu 5 brand summaries với data_range 3_months_ago và sort_type revenue
2025-08-03 20:56:34,928 - INFO - Phân tích hiệu suất brand cho 3_months_ago theo quantity (top 10)...
2025-08-03 20:56:35,017 - INFO - Đã lưu 5 brand summaries với data_range 3_months_ago và sort_type quantity
2025-08-03 20:56:35,017 - INFO - Phân tích refund cho 3_months_ago theo refund_count (top 10)...
2025-08-03 20:56:35,093 - INFO - Đã lưu 0 refund analyses với data_range 3_months_ago và sort_type refund_count
2025-08-03 20:56:35,093 - INFO - Phân tích refund cho 3_months_ago theo refund_rate (top 10)...
2025-08-03 20:56:35,169 - INFO - Đã lưu 0 refund analyses với data_range 3_months_ago và sort_type refund_rate
2025-08-03 20:56:35,169 - INFO - Phân tích refund cho 3_months_ago theo refund_quantity (top 10)...
2025-08-03 20:56:35,246 - INFO - Đã lưu 0 refund analyses với data_range 3_months_ago và sort_type refund_quantity
2025-08-03 20:56:35,246 - INFO - Phân tích refund cho 3_months_ago theo refund_reason (top 10)...
2025-08-03 20:56:35,321 - INFO - Đã lưu 0 refund analyses với data_range 3_months_ago và sort_type refund_reason
2025-08-03 20:56:35,321 - INFO - Phân tích hàng bán ế cho 3_months_ago theo no_sales (top 20)...
2025-08-03 20:56:35,408 - INFO - Đã lưu 0 slow moving items với data_range 3_months_ago và sort_type no_sales
2025-08-03 20:56:35,408 - INFO - Phân tích hàng bán ế cho 3_months_ago theo low_sales (top 20)...
2025-08-03 20:56:35,496 - INFO - Đã lưu 0 slow moving items với data_range 3_months_ago và sort_type low_sales
2025-08-03 20:56:35,496 - INFO - Phân tích hàng bán ế cho 3_months_ago theo high_stock_low_sales (top 20)...
2025-08-03 20:56:35,595 - INFO - Đã lưu 20 slow moving items với data_range 3_months_ago và sort_type high_stock_low_sales
2025-08-03 20:56:35,596 - INFO - Phân tích hàng bán ế cho 3_months_ago theo aging_stock (top 20)...
2025-08-03 20:56:35,693 - INFO - Đã lưu 20 slow moving items với data_range 3_months_ago và sort_type aging_stock
2025-08-03 20:56:35,693 - INFO - Phân tích top 10 selling items cho 6_months_ago theo revenue...
2025-08-03 20:56:35,868 - INFO - Đã lưu 10 top selling items với data_range 6_months_ago và sort_type revenue
2025-08-03 20:56:35,868 - INFO - Phân tích top 10 selling items cho 6_months_ago theo profit...
2025-08-03 20:56:36,038 - INFO - Đã lưu 10 top selling items với data_range 6_months_ago và sort_type profit
2025-08-03 20:56:36,039 - INFO - Phân tích top 10 selling items cho 6_months_ago theo quantity...
2025-08-03 20:56:36,210 - INFO - Đã lưu 10 top selling items với data_range 6_months_ago và sort_type quantity
2025-08-03 20:56:36,210 - INFO - Phân tích hiệu suất category cho 6_months_ago theo revenue (top 10)...
2025-08-03 20:56:36,382 - INFO - Đã lưu 4 category summaries với data_range 6_months_ago và sort_type revenue
2025-08-03 20:56:36,382 - INFO - Phân tích hiệu suất category cho 6_months_ago theo quantity (top 10)...
2025-08-03 20:56:36,554 - INFO - Đã lưu 4 category summaries với data_range 6_months_ago và sort_type quantity
2025-08-03 20:56:36,554 - INFO - Phân tích hiệu suất brand cho 6_months_ago theo revenue (top 10)...
2025-08-03 20:56:36,729 - INFO - Đã lưu 5 brand summaries với data_range 6_months_ago và sort_type revenue
2025-08-03 20:56:36,729 - INFO - Phân tích hiệu suất brand cho 6_months_ago theo quantity (top 10)...
2025-08-03 20:56:36,901 - INFO - Đã lưu 5 brand summaries với data_range 6_months_ago và sort_type quantity
2025-08-03 20:56:36,902 - INFO - Phân tích refund cho 6_months_ago theo refund_count (top 10)...
2025-08-03 20:56:37,069 - INFO - Đã lưu 10 refund analyses với data_range 6_months_ago và sort_type refund_count
2025-08-03 20:56:37,070 - INFO - Phân tích refund cho 6_months_ago theo refund_rate (top 10)...
2025-08-03 20:56:37,237 - INFO - Đã lưu 10 refund analyses với data_range 6_months_ago và sort_type refund_rate
2025-08-03 20:56:37,237 - INFO - Phân tích refund cho 6_months_ago theo refund_quantity (top 10)...
2025-08-03 20:56:37,403 - INFO - Đã lưu 10 refund analyses với data_range 6_months_ago và sort_type refund_quantity
2025-08-03 20:56:37,403 - INFO - Phân tích refund cho 6_months_ago theo refund_reason (top 10)...
2025-08-03 20:56:37,565 - INFO - Đã lưu 1 refund analyses với data_range 6_months_ago và sort_type refund_reason
2025-08-03 20:56:37,565 - INFO - Phân tích hàng bán ế cho 6_months_ago theo no_sales (top 20)...
2025-08-03 20:56:37,742 - INFO - Đã lưu 0 slow moving items với data_range 6_months_ago và sort_type no_sales
2025-08-03 20:56:37,742 - INFO - Phân tích hàng bán ế cho 6_months_ago theo low_sales (top 20)...
2025-08-03 20:56:37,920 - INFO - Đã lưu 0 slow moving items với data_range 6_months_ago và sort_type low_sales
2025-08-03 20:56:37,920 - INFO - Phân tích hàng bán ế cho 6_months_ago theo high_stock_low_sales (top 20)...
2025-08-03 20:56:38,104 - INFO - Đã lưu 20 slow moving items với data_range 6_months_ago và sort_type high_stock_low_sales
2025-08-03 20:56:38,104 - INFO - Phân tích hàng bán ế cho 6_months_ago theo aging_stock (top 20)...
2025-08-03 20:56:38,287 - INFO - Đã lưu 20 slow moving items với data_range 6_months_ago và sort_type aging_stock
2025-08-03 20:56:38,287 - INFO - Phân tích top 10 selling items cho 1_year_ago theo revenue...
2025-08-03 20:56:38,459 - INFO - Đã lưu 10 top selling items với data_range 1_year_ago và sort_type revenue
2025-08-03 20:56:38,460 - INFO - Phân tích top 10 selling items cho 1_year_ago theo profit...
2025-08-03 20:56:38,633 - INFO - Đã lưu 10 top selling items với data_range 1_year_ago và sort_type profit
2025-08-03 20:56:38,633 - INFO - Phân tích top 10 selling items cho 1_year_ago theo quantity...
2025-08-03 20:56:38,807 - INFO - Đã lưu 10 top selling items với data_range 1_year_ago và sort_type quantity
2025-08-03 20:56:38,807 - INFO - Phân tích hiệu suất category cho 1_year_ago theo revenue (top 10)...
2025-08-03 20:56:38,991 - INFO - Đã lưu 4 category summaries với data_range 1_year_ago và sort_type revenue
2025-08-03 20:56:38,991 - INFO - Phân tích hiệu suất category cho 1_year_ago theo quantity (top 10)...
2025-08-03 20:56:39,169 - INFO - Đã lưu 4 category summaries với data_range 1_year_ago và sort_type quantity
2025-08-03 20:56:39,170 - INFO - Phân tích hiệu suất brand cho 1_year_ago theo revenue (top 10)...
2025-08-03 20:56:39,345 - INFO - Đã lưu 5 brand summaries với data_range 1_year_ago và sort_type revenue
2025-08-03 20:56:39,346 - INFO - Phân tích hiệu suất brand cho 1_year_ago theo quantity (top 10)...
2025-08-03 20:56:39,520 - INFO - Đã lưu 5 brand summaries với data_range 1_year_ago và sort_type quantity
2025-08-03 20:56:39,520 - INFO - Phân tích refund cho 1_year_ago theo refund_count (top 10)...
2025-08-03 20:56:39,685 - INFO - Đã lưu 10 refund analyses với data_range 1_year_ago và sort_type refund_count
2025-08-03 20:56:39,686 - INFO - Phân tích refund cho 1_year_ago theo refund_rate (top 10)...
2025-08-03 20:56:39,849 - INFO - Đã lưu 10 refund analyses với data_range 1_year_ago và sort_type refund_rate
2025-08-03 20:56:39,849 - INFO - Phân tích refund cho 1_year_ago theo refund_quantity (top 10)...
2025-08-03 20:56:40,016 - INFO - Đã lưu 10 refund analyses với data_range 1_year_ago và sort_type refund_quantity
2025-08-03 20:56:40,016 - INFO - Phân tích refund cho 1_year_ago theo refund_reason (top 10)...
2025-08-03 20:56:40,178 - INFO - Đã lưu 1 refund analyses với data_range 1_year_ago và sort_type refund_reason
2025-08-03 20:56:40,178 - INFO - Phân tích hàng bán ế cho 1_year_ago theo no_sales (top 20)...
2025-08-03 20:56:40,358 - INFO - Đã lưu 0 slow moving items với data_range 1_year_ago và sort_type no_sales
2025-08-03 20:56:40,359 - INFO - Phân tích hàng bán ế cho 1_year_ago theo low_sales (top 20)...
2025-08-03 20:56:40,537 - INFO - Đã lưu 0 slow moving items với data_range 1_year_ago và sort_type low_sales
2025-08-03 20:56:40,537 - INFO - Phân tích hàng bán ế cho 1_year_ago theo high_stock_low_sales (top 20)...
2025-08-03 20:56:40,727 - INFO - Đã lưu 20 slow moving items với data_range 1_year_ago và sort_type high_stock_low_sales
2025-08-03 20:56:40,727 - INFO - Phân tích hàng bán ế cho 1_year_ago theo aging_stock (top 20)...
2025-08-03 20:56:40,920 - INFO - Đã lưu 20 slow moving items với data_range 1_year_ago và sort_type aging_stock
2025-08-03 20:56:40,921 - INFO - Phân tích top 10 selling items cho all_time theo revenue...
2025-08-03 20:56:41,105 - INFO - Đã lưu 10 top selling items với data_range all_time và sort_type revenue
2025-08-03 20:56:41,105 - INFO - Phân tích top 10 selling items cho all_time theo profit...
2025-08-03 20:56:41,282 - INFO - Đã lưu 10 top selling items với data_range all_time và sort_type profit
2025-08-03 20:56:41,282 - INFO - Phân tích top 10 selling items cho all_time theo quantity...
2025-08-03 20:56:41,463 - INFO - Đã lưu 10 top selling items với data_range all_time và sort_type quantity
2025-08-03 20:56:41,463 - INFO - Phân tích hiệu suất category cho all_time theo revenue (top 10)...
2025-08-03 20:56:41,638 - INFO - Đã lưu 4 category summaries với data_range all_time và sort_type revenue
2025-08-03 20:56:41,638 - INFO - Phân tích hiệu suất category cho all_time theo quantity (top 10)...
2025-08-03 20:56:41,811 - INFO - Đã lưu 4 category summaries với data_range all_time và sort_type quantity
2025-08-03 20:56:41,811 - INFO - Phân tích hiệu suất brand cho all_time theo revenue (top 10)...
2025-08-03 20:56:41,988 - INFO - Đã lưu 5 brand summaries với data_range all_time và sort_type revenue
2025-08-03 20:56:41,988 - INFO - Phân tích hiệu suất brand cho all_time theo quantity (top 10)...
2025-08-03 20:56:42,165 - INFO - Đã lưu 5 brand summaries với data_range all_time và sort_type quantity
2025-08-03 20:56:42,165 - INFO - Phân tích refund cho all_time theo refund_count (top 10)...
2025-08-03 20:56:42,332 - INFO - Đã lưu 10 refund analyses với data_range all_time và sort_type refund_count
2025-08-03 20:56:42,332 - INFO - Phân tích refund cho all_time theo refund_rate (top 10)...
2025-08-03 20:56:42,502 - INFO - Đã lưu 10 refund analyses với data_range all_time và sort_type refund_rate
2025-08-03 20:56:42,502 - INFO - Phân tích refund cho all_time theo refund_quantity (top 10)...
2025-08-03 20:56:42,670 - INFO - Đã lưu 10 refund analyses với data_range all_time và sort_type refund_quantity
2025-08-03 20:56:42,670 - INFO - Phân tích refund cho all_time theo refund_reason (top 10)...
2025-08-03 20:56:42,841 - INFO - Đã lưu 1 refund analyses với data_range all_time và sort_type refund_reason
2025-08-03 20:56:42,842 - INFO - Phân tích hàng bán ế cho all_time theo no_sales (top 20)...
2025-08-03 20:56:43,022 - INFO - Đã lưu 0 slow moving items với data_range all_time và sort_type no_sales
2025-08-03 20:56:43,022 - INFO - Phân tích hàng bán ế cho all_time theo low_sales (top 20)...
2025-08-03 20:56:43,199 - INFO - Đã lưu 0 slow moving items với data_range all_time và sort_type low_sales
2025-08-03 20:56:43,199 - INFO - Phân tích hàng bán ế cho all_time theo high_stock_low_sales (top 20)...
2025-08-03 20:56:43,382 - INFO - Đã lưu 20 slow moving items với data_range all_time và sort_type high_stock_low_sales
2025-08-03 20:56:43,382 - INFO - Phân tích hàng bán ế cho all_time theo aging_stock (top 20)...
2025-08-03 20:56:43,569 - INFO - Đã lưu 20 slow moving items với data_range all_time và sort_type aging_stock
2025-08-03 21:09:32,614 - INFO - Loading data from database...
2025-08-03 21:09:32,728 - INFO - Loaded 634 orders, 1252 order items, 40 items, 4 categories, 10 brands, 0 batches
2025-08-03 21:09:32,729 - INFO - Bắt đầu chạy analysis cho tất cả các khoảng thời gian...
2025-08-03 21:09:32,729 - INFO - Phân tích doanh số hàng ngày...
2025-08-03 21:09:32,738 - INFO - Đã lưu daily sales summary cho ngày 2024-06-30
2025-08-03 21:09:32,738 - INFO - Phân tích cảnh báo tồn kho thấp...
2025-08-03 21:09:32,757 - INFO - Đã lưu 0 low stock alerts
2025-08-03 21:09:32,757 - INFO - Phân tích top 10 selling items cho 1_day_ago theo revenue...
2025-08-03 21:09:32,765 - INFO - Đã lưu 10 top selling items với data_range 1_day_ago và sort_type revenue
2025-08-03 21:09:32,765 - INFO - Phân tích top 10 selling items cho 1_day_ago theo profit...
2025-08-03 21:09:32,771 - INFO - Đã lưu 10 top selling items với data_range 1_day_ago và sort_type profit
2025-08-03 21:09:32,771 - INFO - Phân tích top 10 selling items cho 1_day_ago theo quantity...
2025-08-03 21:09:32,781 - INFO - Đã lưu 10 top selling items với data_range 1_day_ago và sort_type quantity
2025-08-03 21:09:32,781 - INFO - Phân tích hiệu suất category cho 1_day_ago theo revenue (top 10)...
2025-08-03 21:09:32,788 - INFO - Đã lưu 3 category summaries với data_range 1_day_ago và sort_type revenue
2025-08-03 21:09:32,788 - INFO - Phân tích hiệu suất category cho 1_day_ago theo quantity (top 10)...
2025-08-03 21:09:32,795 - INFO - Đã lưu 3 category summaries với data_range 1_day_ago và sort_type quantity
2025-08-03 21:09:32,795 - INFO - Phân tích hiệu suất brand cho 1_day_ago theo revenue (top 10)...
2025-08-03 21:09:32,805 - INFO - Đã lưu 5 brand summaries với data_range 1_day_ago và sort_type revenue
2025-08-03 21:09:32,805 - INFO - Phân tích hiệu suất brand cho 1_day_ago theo quantity (top 10)...
2025-08-03 21:09:32,810 - INFO - Đã lưu 5 brand summaries với data_range 1_day_ago và sort_type quantity
2025-08-03 21:09:32,810 - INFO - Phân tích refund cho 1_day_ago theo refund_count (top 10)...
2025-08-03 21:09:32,813 - INFO - Đã lưu 0 refund analyses với data_range 1_day_ago và sort_type refund_count
2025-08-03 21:09:32,813 - INFO - Phân tích refund cho 1_day_ago theo refund_rate (top 10)...
2025-08-03 21:09:32,818 - INFO - Đã lưu 0 refund analyses với data_range 1_day_ago và sort_type refund_rate
2025-08-03 21:09:32,818 - INFO - Phân tích refund cho 1_day_ago theo refund_quantity (top 10)...
2025-08-03 21:09:32,821 - INFO - Đã lưu 0 refund analyses với data_range 1_day_ago và sort_type refund_quantity
2025-08-03 21:09:32,821 - INFO - Phân tích refund cho 1_day_ago theo refund_reason (top 10)...
2025-08-03 21:09:32,824 - INFO - Đã lưu 0 refund analyses với data_range 1_day_ago và sort_type refund_reason
2025-08-03 21:09:32,824 - INFO - Phân tích hàng bán ế theo no_sales (top 20)...
2025-08-03 21:09:32,848 - INFO - Đã lưu 0 slow moving items với sort_type no_sales
2025-08-03 21:09:32,848 - INFO - Phân tích hàng bán ế theo low_sales (top 20)...
2025-08-03 21:09:32,873 - INFO - Đã lưu 0 slow moving items với sort_type low_sales
2025-08-03 21:09:32,873 - INFO - Phân tích hàng bán ế theo high_stock_low_sales (top 20)...
2025-08-03 21:09:32,903 - INFO - Đã lưu 20 slow moving items với sort_type high_stock_low_sales
2025-08-03 21:09:32,903 - INFO - Phân tích hàng bán ế theo aging_stock (top 20)...
2025-08-03 21:09:32,935 - INFO - Đã lưu 20 slow moving items với sort_type aging_stock
2025-08-03 21:09:32,935 - INFO - Phân tích top 10 selling items cho 7_days_ago theo revenue...
2025-08-03 21:09:32,942 - INFO - Đã lưu 10 top selling items với data_range 7_days_ago và sort_type revenue
2025-08-03 21:09:32,942 - INFO - Phân tích top 10 selling items cho 7_days_ago theo profit...
2025-08-03 21:09:32,948 - INFO - Đã lưu 10 top selling items với data_range 7_days_ago và sort_type profit
2025-08-03 21:09:32,949 - INFO - Phân tích top 10 selling items cho 7_days_ago theo quantity...
2025-08-03 21:09:32,956 - INFO - Đã lưu 10 top selling items với data_range 7_days_ago và sort_type quantity
2025-08-03 21:09:32,956 - INFO - Phân tích hiệu suất category cho 7_days_ago theo revenue (top 10)...
2025-08-03 21:09:32,963 - INFO - Đã lưu 4 category summaries với data_range 7_days_ago và sort_type revenue
2025-08-03 21:09:32,963 - INFO - Phân tích hiệu suất category cho 7_days_ago theo quantity (top 10)...
2025-08-03 21:09:32,971 - INFO - Đã lưu 4 category summaries với data_range 7_days_ago và sort_type quantity
2025-08-03 21:09:32,971 - INFO - Phân tích hiệu suất brand cho 7_days_ago theo revenue (top 10)...
2025-08-03 21:09:32,977 - INFO - Đã lưu 5 brand summaries với data_range 7_days_ago và sort_type revenue
2025-08-03 21:09:32,977 - INFO - Phân tích hiệu suất brand cho 7_days_ago theo quantity (top 10)...
2025-08-03 21:09:32,984 - INFO - Đã lưu 5 brand summaries với data_range 7_days_ago và sort_type quantity
2025-08-03 21:09:32,984 - INFO - Phân tích refund cho 7_days_ago theo refund_count (top 10)...
2025-08-03 21:09:32,988 - INFO - Đã lưu 0 refund analyses với data_range 7_days_ago và sort_type refund_count
2025-08-03 21:09:32,988 - INFO - Phân tích refund cho 7_days_ago theo refund_rate (top 10)...
2025-08-03 21:09:32,992 - INFO - Đã lưu 0 refund analyses với data_range 7_days_ago và sort_type refund_rate
2025-08-03 21:09:32,992 - INFO - Phân tích refund cho 7_days_ago theo refund_quantity (top 10)...
2025-08-03 21:09:32,995 - INFO - Đã lưu 0 refund analyses với data_range 7_days_ago và sort_type refund_quantity
2025-08-03 21:09:32,995 - INFO - Phân tích refund cho 7_days_ago theo refund_reason (top 10)...
2025-08-03 21:09:32,998 - INFO - Đã lưu 0 refund analyses với data_range 7_days_ago và sort_type refund_reason
2025-08-03 21:09:32,999 - INFO - Phân tích hàng bán ế theo no_sales (top 20)...
2025-08-03 21:09:33,023 - INFO - Đã lưu 0 slow moving items với sort_type no_sales
2025-08-03 21:09:33,023 - INFO - Phân tích hàng bán ế theo low_sales (top 20)...
2025-08-03 21:09:33,049 - INFO - Đã lưu 0 slow moving items với sort_type low_sales
2025-08-03 21:09:33,049 - INFO - Phân tích hàng bán ế theo high_stock_low_sales (top 20)...
2025-08-03 21:09:33,079 - INFO - Đã lưu 20 slow moving items với sort_type high_stock_low_sales
2025-08-03 21:09:33,080 - INFO - Phân tích hàng bán ế theo aging_stock (top 20)...
2025-08-03 21:09:33,109 - INFO - Đã lưu 20 slow moving items với sort_type aging_stock
2025-08-03 21:09:33,109 - INFO - Phân tích top 10 selling items cho 1_month_ago theo revenue...
2025-08-03 21:09:33,125 - INFO - Đã lưu 10 top selling items với data_range 1_month_ago và sort_type revenue
2025-08-03 21:09:33,125 - INFO - Phân tích top 10 selling items cho 1_month_ago theo profit...
2025-08-03 21:09:33,141 - INFO - Đã lưu 10 top selling items với data_range 1_month_ago và sort_type profit
2025-08-03 21:09:33,141 - INFO - Phân tích top 10 selling items cho 1_month_ago theo quantity...
2025-08-03 21:09:33,158 - INFO - Đã lưu 10 top selling items với data_range 1_month_ago và sort_type quantity
2025-08-03 21:09:33,158 - INFO - Phân tích hiệu suất category cho 1_month_ago theo revenue (top 10)...
2025-08-03 21:09:33,174 - INFO - Đã lưu 4 category summaries với data_range 1_month_ago và sort_type revenue
2025-08-03 21:09:33,174 - INFO - Phân tích hiệu suất category cho 1_month_ago theo quantity (top 10)...
2025-08-03 21:09:33,192 - INFO - Đã lưu 4 category summaries với data_range 1_month_ago và sort_type quantity
2025-08-03 21:09:33,192 - INFO - Phân tích hiệu suất brand cho 1_month_ago theo revenue (top 10)...
2025-08-03 21:09:33,210 - INFO - Đã lưu 5 brand summaries với data_range 1_month_ago và sort_type revenue
2025-08-03 21:09:33,210 - INFO - Phân tích hiệu suất brand cho 1_month_ago theo quantity (top 10)...
2025-08-03 21:09:33,226 - INFO - Đã lưu 5 brand summaries với data_range 1_month_ago và sort_type quantity
2025-08-03 21:09:33,226 - INFO - Phân tích refund cho 1_month_ago theo refund_count (top 10)...
2025-08-03 21:09:33,236 - INFO - Đã lưu 0 refund analyses với data_range 1_month_ago và sort_type refund_count
2025-08-03 21:09:33,237 - INFO - Phân tích refund cho 1_month_ago theo refund_rate (top 10)...
2025-08-03 21:09:33,247 - INFO - Đã lưu 0 refund analyses với data_range 1_month_ago và sort_type refund_rate
2025-08-03 21:09:33,247 - INFO - Phân tích refund cho 1_month_ago theo refund_quantity (top 10)...
2025-08-03 21:09:33,257 - INFO - Đã lưu 0 refund analyses với data_range 1_month_ago và sort_type refund_quantity
2025-08-03 21:09:33,258 - INFO - Phân tích refund cho 1_month_ago theo refund_reason (top 10)...
2025-08-03 21:09:33,268 - INFO - Đã lưu 0 refund analyses với data_range 1_month_ago và sort_type refund_reason
2025-08-03 21:09:33,268 - INFO - Phân tích hàng bán ế theo no_sales (top 20)...
2025-08-03 21:09:33,294 - INFO - Đã lưu 0 slow moving items với sort_type no_sales
2025-08-03 21:09:33,294 - INFO - Phân tích hàng bán ế theo low_sales (top 20)...
2025-08-03 21:09:33,318 - INFO - Đã lưu 0 slow moving items với sort_type low_sales
2025-08-03 21:09:33,318 - INFO - Phân tích hàng bán ế theo high_stock_low_sales (top 20)...
2025-08-03 21:09:33,350 - INFO - Đã lưu 20 slow moving items với sort_type high_stock_low_sales
2025-08-03 21:09:33,350 - INFO - Phân tích hàng bán ế theo aging_stock (top 20)...
2025-08-03 21:09:33,379 - INFO - Đã lưu 20 slow moving items với sort_type aging_stock
2025-08-03 21:09:33,379 - INFO - Phân tích top 10 selling items cho 3_months_ago theo revenue...
2025-08-03 21:09:33,460 - INFO - Đã lưu 10 top selling items với data_range 3_months_ago và sort_type revenue
2025-08-03 21:09:33,460 - INFO - Phân tích top 10 selling items cho 3_months_ago theo profit...
2025-08-03 21:09:33,548 - INFO - Đã lưu 10 top selling items với data_range 3_months_ago và sort_type profit
2025-08-03 21:09:33,548 - INFO - Phân tích top 10 selling items cho 3_months_ago theo quantity...
2025-08-03 21:09:33,633 - INFO - Đã lưu 10 top selling items với data_range 3_months_ago và sort_type quantity
2025-08-03 21:09:33,634 - INFO - Phân tích hiệu suất category cho 3_months_ago theo revenue (top 10)...
2025-08-03 21:09:33,732 - INFO - Đã lưu 4 category summaries với data_range 3_months_ago và sort_type revenue
2025-08-03 21:09:33,732 - INFO - Phân tích hiệu suất category cho 3_months_ago theo quantity (top 10)...
2025-08-03 21:09:33,820 - INFO - Đã lưu 4 category summaries với data_range 3_months_ago và sort_type quantity
2025-08-03 21:09:33,821 - INFO - Phân tích hiệu suất brand cho 3_months_ago theo revenue (top 10)...
2025-08-03 21:09:33,902 - INFO - Đã lưu 5 brand summaries với data_range 3_months_ago và sort_type revenue
2025-08-03 21:09:33,903 - INFO - Phân tích hiệu suất brand cho 3_months_ago theo quantity (top 10)...
2025-08-03 21:09:33,983 - INFO - Đã lưu 5 brand summaries với data_range 3_months_ago và sort_type quantity
2025-08-03 21:09:33,983 - INFO - Phân tích refund cho 3_months_ago theo refund_count (top 10)...
2025-08-03 21:09:34,058 - INFO - Đã lưu 0 refund analyses với data_range 3_months_ago và sort_type refund_count
2025-08-03 21:09:34,058 - INFO - Phân tích refund cho 3_months_ago theo refund_rate (top 10)...
2025-08-03 21:09:34,131 - INFO - Đã lưu 0 refund analyses với data_range 3_months_ago và sort_type refund_rate
2025-08-03 21:09:34,132 - INFO - Phân tích refund cho 3_months_ago theo refund_quantity (top 10)...
2025-08-03 21:09:34,204 - INFO - Đã lưu 0 refund analyses với data_range 3_months_ago và sort_type refund_quantity
2025-08-03 21:09:34,205 - INFO - Phân tích refund cho 3_months_ago theo refund_reason (top 10)...
2025-08-03 21:09:34,278 - INFO - Đã lưu 0 refund analyses với data_range 3_months_ago và sort_type refund_reason
2025-08-03 21:09:34,278 - INFO - Phân tích hàng bán ế theo no_sales (top 20)...
2025-08-03 21:09:34,304 - INFO - Đã lưu 0 slow moving items với sort_type no_sales
2025-08-03 21:09:34,304 - INFO - Phân tích hàng bán ế theo low_sales (top 20)...
2025-08-03 21:09:34,330 - INFO - Đã lưu 0 slow moving items với sort_type low_sales
2025-08-03 21:09:34,330 - INFO - Phân tích hàng bán ế theo high_stock_low_sales (top 20)...
2025-08-03 21:09:34,365 - INFO - Đã lưu 20 slow moving items với sort_type high_stock_low_sales
2025-08-03 21:09:34,365 - INFO - Phân tích hàng bán ế theo aging_stock (top 20)...
2025-08-03 21:09:34,397 - INFO - Đã lưu 20 slow moving items với sort_type aging_stock
2025-08-03 21:09:34,397 - INFO - Phân tích top 10 selling items cho 6_months_ago theo revenue...
2025-08-03 21:09:34,566 - INFO - Đã lưu 10 top selling items với data_range 6_months_ago và sort_type revenue
2025-08-03 21:09:34,566 - INFO - Phân tích top 10 selling items cho 6_months_ago theo profit...
2025-08-03 21:09:34,732 - INFO - Đã lưu 10 top selling items với data_range 6_months_ago và sort_type profit
2025-08-03 21:09:34,732 - INFO - Phân tích top 10 selling items cho 6_months_ago theo quantity...
2025-08-03 21:09:34,897 - INFO - Đã lưu 10 top selling items với data_range 6_months_ago và sort_type quantity
2025-08-03 21:09:34,897 - INFO - Phân tích hiệu suất category cho 6_months_ago theo revenue (top 10)...
2025-08-03 21:09:35,064 - INFO - Đã lưu 4 category summaries với data_range 6_months_ago và sort_type revenue
2025-08-03 21:09:35,064 - INFO - Phân tích hiệu suất category cho 6_months_ago theo quantity (top 10)...
2025-08-03 21:09:35,228 - INFO - Đã lưu 4 category summaries với data_range 6_months_ago và sort_type quantity
2025-08-03 21:09:35,229 - INFO - Phân tích hiệu suất brand cho 6_months_ago theo revenue (top 10)...
2025-08-03 21:09:35,392 - INFO - Đã lưu 5 brand summaries với data_range 6_months_ago và sort_type revenue
2025-08-03 21:09:35,392 - INFO - Phân tích hiệu suất brand cho 6_months_ago theo quantity (top 10)...
2025-08-03 21:09:35,564 - INFO - Đã lưu 5 brand summaries với data_range 6_months_ago và sort_type quantity
2025-08-03 21:09:35,564 - INFO - Phân tích refund cho 6_months_ago theo refund_count (top 10)...
2025-08-03 21:09:35,723 - INFO - Đã lưu 10 refund analyses với data_range 6_months_ago và sort_type refund_count
2025-08-03 21:09:35,723 - INFO - Phân tích refund cho 6_months_ago theo refund_rate (top 10)...
2025-08-03 21:09:35,882 - INFO - Đã lưu 10 refund analyses với data_range 6_months_ago và sort_type refund_rate
2025-08-03 21:09:35,882 - INFO - Phân tích refund cho 6_months_ago theo refund_quantity (top 10)...
2025-08-03 21:09:36,039 - INFO - Đã lưu 10 refund analyses với data_range 6_months_ago và sort_type refund_quantity
2025-08-03 21:09:36,039 - INFO - Phân tích refund cho 6_months_ago theo refund_reason (top 10)...
2025-08-03 21:09:36,199 - INFO - Đã lưu 1 refund analyses với data_range 6_months_ago và sort_type refund_reason
2025-08-03 21:09:36,199 - INFO - Phân tích hàng bán ế theo no_sales (top 20)...
2025-08-03 21:09:36,223 - INFO - Đã lưu 0 slow moving items với sort_type no_sales
2025-08-03 21:09:36,223 - INFO - Phân tích hàng bán ế theo low_sales (top 20)...
2025-08-03 21:09:36,248 - INFO - Đã lưu 0 slow moving items với sort_type low_sales
2025-08-03 21:09:36,248 - INFO - Phân tích hàng bán ế theo high_stock_low_sales (top 20)...
2025-08-03 21:09:36,277 - INFO - Đã lưu 20 slow moving items với sort_type high_stock_low_sales
2025-08-03 21:09:36,277 - INFO - Phân tích hàng bán ế theo aging_stock (top 20)...
2025-08-03 21:09:36,305 - INFO - Đã lưu 20 slow moving items với sort_type aging_stock
2025-08-03 21:09:36,305 - INFO - Phân tích top 10 selling items cho 1_year_ago theo revenue...
2025-08-03 21:09:36,468 - INFO - Đã lưu 10 top selling items với data_range 1_year_ago và sort_type revenue
2025-08-03 21:09:36,468 - INFO - Phân tích top 10 selling items cho 1_year_ago theo profit...
2025-08-03 21:09:36,633 - INFO - Đã lưu 10 top selling items với data_range 1_year_ago và sort_type profit
2025-08-03 21:09:36,633 - INFO - Phân tích top 10 selling items cho 1_year_ago theo quantity...
2025-08-03 21:09:36,797 - INFO - Đã lưu 10 top selling items với data_range 1_year_ago và sort_type quantity
2025-08-03 21:09:36,797 - INFO - Phân tích hiệu suất category cho 1_year_ago theo revenue (top 10)...
2025-08-03 21:09:36,965 - INFO - Đã lưu 4 category summaries với data_range 1_year_ago và sort_type revenue
2025-08-03 21:09:36,965 - INFO - Phân tích hiệu suất category cho 1_year_ago theo quantity (top 10)...
2025-08-03 21:09:37,131 - INFO - Đã lưu 4 category summaries với data_range 1_year_ago và sort_type quantity
2025-08-03 21:09:37,131 - INFO - Phân tích hiệu suất brand cho 1_year_ago theo revenue (top 10)...
2025-08-03 21:09:37,301 - INFO - Đã lưu 5 brand summaries với data_range 1_year_ago và sort_type revenue
2025-08-03 21:09:37,301 - INFO - Phân tích hiệu suất brand cho 1_year_ago theo quantity (top 10)...
2025-08-03 21:09:37,471 - INFO - Đã lưu 5 brand summaries với data_range 1_year_ago và sort_type quantity
2025-08-03 21:09:37,471 - INFO - Phân tích refund cho 1_year_ago theo refund_count (top 10)...
2025-08-03 21:09:37,628 - INFO - Đã lưu 10 refund analyses với data_range 1_year_ago và sort_type refund_count
2025-08-03 21:09:37,628 - INFO - Phân tích refund cho 1_year_ago theo refund_rate (top 10)...
2025-08-03 21:09:37,788 - INFO - Đã lưu 10 refund analyses với data_range 1_year_ago và sort_type refund_rate
2025-08-03 21:09:37,788 - INFO - Phân tích refund cho 1_year_ago theo refund_quantity (top 10)...
2025-08-03 21:09:37,949 - INFO - Đã lưu 10 refund analyses với data_range 1_year_ago và sort_type refund_quantity
2025-08-03 21:09:37,949 - INFO - Phân tích refund cho 1_year_ago theo refund_reason (top 10)...
2025-08-03 21:09:38,105 - INFO - Đã lưu 1 refund analyses với data_range 1_year_ago và sort_type refund_reason
2025-08-03 21:09:38,105 - INFO - Phân tích hàng bán ế theo no_sales (top 20)...
2025-08-03 21:09:38,131 - INFO - Đã lưu 0 slow moving items với sort_type no_sales
2025-08-03 21:09:38,131 - INFO - Phân tích hàng bán ế theo low_sales (top 20)...
2025-08-03 21:09:38,155 - INFO - Đã lưu 0 slow moving items với sort_type low_sales
2025-08-03 21:09:38,155 - INFO - Phân tích hàng bán ế theo high_stock_low_sales (top 20)...
2025-08-03 21:09:38,187 - INFO - Đã lưu 20 slow moving items với sort_type high_stock_low_sales
2025-08-03 21:09:38,187 - INFO - Phân tích hàng bán ế theo aging_stock (top 20)...
2025-08-03 21:09:38,215 - INFO - Đã lưu 20 slow moving items với sort_type aging_stock
2025-08-03 21:09:38,215 - INFO - Phân tích top 10 selling items cho all_time theo revenue...
2025-08-03 21:09:38,391 - INFO - Đã lưu 10 top selling items với data_range all_time và sort_type revenue
2025-08-03 21:09:38,391 - INFO - Phân tích top 10 selling items cho all_time theo profit...
2025-08-03 21:09:38,561 - INFO - Đã lưu 10 top selling items với data_range all_time và sort_type profit
2025-08-03 21:09:38,561 - INFO - Phân tích top 10 selling items cho all_time theo quantity...
2025-08-03 21:09:38,724 - INFO - Đã lưu 10 top selling items với data_range all_time và sort_type quantity
2025-08-03 21:09:38,724 - INFO - Phân tích hiệu suất category cho all_time theo revenue (top 10)...
2025-08-03 21:09:38,887 - INFO - Đã lưu 4 category summaries với data_range all_time và sort_type revenue
2025-08-03 21:09:38,888 - INFO - Phân tích hiệu suất category cho all_time theo quantity (top 10)...
2025-08-03 21:09:39,053 - INFO - Đã lưu 4 category summaries với data_range all_time và sort_type quantity
2025-08-03 21:09:39,053 - INFO - Phân tích hiệu suất brand cho all_time theo revenue (top 10)...
2025-08-03 21:09:39,217 - INFO - Đã lưu 5 brand summaries với data_range all_time và sort_type revenue
2025-08-03 21:09:39,218 - INFO - Phân tích hiệu suất brand cho all_time theo quantity (top 10)...
2025-08-03 21:09:39,383 - INFO - Đã lưu 5 brand summaries với data_range all_time và sort_type quantity
2025-08-03 21:09:39,383 - INFO - Phân tích refund cho all_time theo refund_count (top 10)...
2025-08-03 21:09:39,543 - INFO - Đã lưu 10 refund analyses với data_range all_time và sort_type refund_count
2025-08-03 21:09:39,543 - INFO - Phân tích refund cho all_time theo refund_rate (top 10)...
2025-08-03 21:09:39,701 - INFO - Đã lưu 10 refund analyses với data_range all_time và sort_type refund_rate
2025-08-03 21:09:39,701 - INFO - Phân tích refund cho all_time theo refund_quantity (top 10)...
2025-08-03 21:09:39,861 - INFO - Đã lưu 10 refund analyses với data_range all_time và sort_type refund_quantity
2025-08-03 21:09:39,861 - INFO - Phân tích refund cho all_time theo refund_reason (top 10)...
2025-08-03 21:09:40,018 - INFO - Đã lưu 1 refund analyses với data_range all_time và sort_type refund_reason
2025-08-03 21:09:40,018 - INFO - Phân tích hàng bán ế theo no_sales (top 20)...
2025-08-03 21:09:40,043 - INFO - Đã lưu 0 slow moving items với sort_type no_sales
2025-08-03 21:09:40,043 - INFO - Phân tích hàng bán ế theo low_sales (top 20)...
2025-08-03 21:09:40,068 - INFO - Đã lưu 0 slow moving items với sort_type low_sales
2025-08-03 21:09:40,068 - INFO - Phân tích hàng bán ế theo high_stock_low_sales (top 20)...
2025-08-03 21:09:40,099 - INFO - Đã lưu 20 slow moving items với sort_type high_stock_low_sales
2025-08-03 21:09:40,099 - INFO - Phân tích hàng bán ế theo aging_stock (top 20)...
2025-08-03 21:09:40,127 - INFO - Đã lưu 20 slow moving items với sort_type aging_stock
