2025-08-04 11:18:30,205 - INFO - Loading data from database...
2025-08-04 11:18:30,452 - INFO - Loaded 634 orders, 1252 order items, 40 items, 4 categories, 10 brands, 0 batches
2025-08-04 11:18:30,453 - INFO - Bắt đầu chạy analysis cho tất cả các khoảng thời gian...
2025-08-04 11:18:30,453 - INFO - Phân tích doanh số hàng ngày...
2025-08-04 11:18:30,464 - INFO - Đã lưu daily sales summary cho ngày 2024-06-30
2025-08-04 11:18:30,464 - INFO - Phân tích cảnh báo tồn kho thấp...
2025-08-04 11:18:30,483 - INFO - Đã lưu 0 low stock alerts
2025-08-04 11:18:30,483 - INFO - Phân tích hàng bán ế theo no_sales (top 20)...
2025-08-04 11:18:30,558 - INFO - Đã lưu 0 slow moving items với sort_type no_sales
2025-08-04 11:18:30,558 - INFO - Phân tích hàng bán ế theo low_sales (top 20)...
2025-08-04 11:18:30,629 - INFO - Đã lưu 0 slow moving items với sort_type low_sales
2025-08-04 11:18:30,629 - INFO - Phân tích hàng bán ế theo high_stock_low_sales (top 20)...
2025-08-04 11:18:30,707 - INFO - Đã lưu 20 slow moving items với sort_type high_stock_low_sales
2025-08-04 11:18:30,707 - INFO - Phân tích hàng bán ế theo aging_stock (top 20)...
2025-08-04 11:18:30,782 - INFO - Đã lưu 0 slow moving items với sort_type aging_stock
2025-08-04 11:18:30,782 - INFO - Phân tích top 10 selling items cho 1_day_ago theo revenue...
2025-08-04 11:18:30,799 - INFO - Đã lưu 10 top selling items với data_range 1_day_ago và sort_type revenue
2025-08-04 11:18:30,799 - INFO - Phân tích top 10 selling items cho 1_day_ago theo profit...
2025-08-04 11:18:30,806 - INFO - Đã lưu 10 top selling items với data_range 1_day_ago và sort_type profit
2025-08-04 11:18:30,806 - INFO - Phân tích top 10 selling items cho 1_day_ago theo quantity...
2025-08-04 11:18:30,814 - INFO - Đã lưu 10 top selling items với data_range 1_day_ago và sort_type quantity
2025-08-04 11:18:30,814 - INFO - Phân tích hiệu suất category cho 1_day_ago theo revenue (top 10)...
2025-08-04 11:18:30,823 - INFO - Đã lưu 3 category summaries với data_range 1_day_ago và sort_type revenue
2025-08-04 11:18:30,823 - INFO - Phân tích hiệu suất category cho 1_day_ago theo quantity (top 10)...
2025-08-04 11:18:30,830 - INFO - Đã lưu 3 category summaries với data_range 1_day_ago và sort_type quantity
2025-08-04 11:18:30,830 - INFO - Phân tích hiệu suất brand cho 1_day_ago theo revenue (top 10)...
2025-08-04 11:18:30,838 - INFO - Đã lưu 5 brand summaries với data_range 1_day_ago và sort_type revenue
2025-08-04 11:18:30,838 - INFO - Phân tích hiệu suất brand cho 1_day_ago theo quantity (top 10)...
2025-08-04 11:18:30,848 - INFO - Đã lưu 5 brand summaries với data_range 1_day_ago và sort_type quantity
2025-08-04 11:18:30,848 - INFO - Phân tích refund cho 1_day_ago theo refund_count (top 10)...
2025-08-04 11:18:30,854 - INFO - Đã lưu 0 refund analyses với data_range 1_day_ago và sort_type refund_count
2025-08-04 11:18:30,854 - INFO - Phân tích refund cho 1_day_ago theo refund_rate (top 10)...
2025-08-04 11:18:30,858 - INFO - Đã lưu 0 refund analyses với data_range 1_day_ago và sort_type refund_rate
2025-08-04 11:18:30,858 - INFO - Phân tích refund cho 1_day_ago theo refund_quantity (top 10)...
2025-08-04 11:18:30,862 - INFO - Đã lưu 0 refund analyses với data_range 1_day_ago và sort_type refund_quantity
2025-08-04 11:18:30,862 - INFO - Phân tích refund cho 1_day_ago theo refund_reason (top 10)...
2025-08-04 11:18:30,866 - INFO - Đã lưu 0 refund analyses với data_range 1_day_ago và sort_type refund_reason
2025-08-04 11:18:30,866 - INFO - Phân tích top 10 selling items cho 7_days_ago theo revenue...
2025-08-04 11:18:30,877 - INFO - Đã lưu 10 top selling items với data_range 7_days_ago và sort_type revenue
2025-08-04 11:18:30,877 - INFO - Phân tích top 10 selling items cho 7_days_ago theo profit...
2025-08-04 11:18:30,886 - INFO - Đã lưu 10 top selling items với data_range 7_days_ago và sort_type profit
2025-08-04 11:18:30,886 - INFO - Phân tích top 10 selling items cho 7_days_ago theo quantity...
2025-08-04 11:18:30,894 - INFO - Đã lưu 10 top selling items với data_range 7_days_ago và sort_type quantity
2025-08-04 11:18:30,894 - INFO - Phân tích hiệu suất category cho 7_days_ago theo revenue (top 10)...
2025-08-04 11:18:30,902 - INFO - Đã lưu 4 category summaries với data_range 7_days_ago và sort_type revenue
2025-08-04 11:18:30,903 - INFO - Phân tích hiệu suất category cho 7_days_ago theo quantity (top 10)...
2025-08-04 11:18:30,911 - INFO - Đã lưu 4 category summaries với data_range 7_days_ago và sort_type quantity
2025-08-04 11:18:30,911 - INFO - Phân tích hiệu suất brand cho 7_days_ago theo revenue (top 10)...
2025-08-04 11:18:30,920 - INFO - Đã lưu 5 brand summaries với data_range 7_days_ago và sort_type revenue
2025-08-04 11:18:30,920 - INFO - Phân tích hiệu suất brand cho 7_days_ago theo quantity (top 10)...
2025-08-04 11:18:30,928 - INFO - Đã lưu 5 brand summaries với data_range 7_days_ago và sort_type quantity
2025-08-04 11:18:30,928 - INFO - Phân tích refund cho 7_days_ago theo refund_count (top 10)...
2025-08-04 11:18:30,932 - INFO - Đã lưu 0 refund analyses với data_range 7_days_ago và sort_type refund_count
2025-08-04 11:18:30,932 - INFO - Phân tích refund cho 7_days_ago theo refund_rate (top 10)...
2025-08-04 11:18:30,936 - INFO - Đã lưu 0 refund analyses với data_range 7_days_ago và sort_type refund_rate
2025-08-04 11:18:30,936 - INFO - Phân tích refund cho 7_days_ago theo refund_quantity (top 10)...
2025-08-04 11:18:30,940 - INFO - Đã lưu 0 refund analyses với data_range 7_days_ago và sort_type refund_quantity
2025-08-04 11:18:30,940 - INFO - Phân tích refund cho 7_days_ago theo refund_reason (top 10)...
2025-08-04 11:18:30,945 - INFO - Đã lưu 0 refund analyses với data_range 7_days_ago và sort_type refund_reason
2025-08-04 11:18:30,945 - INFO - Phân tích top 10 selling items cho 1_month_ago theo revenue...
2025-08-04 11:18:30,962 - INFO - Đã lưu 10 top selling items với data_range 1_month_ago và sort_type revenue
2025-08-04 11:18:30,962 - INFO - Phân tích top 10 selling items cho 1_month_ago theo profit...
2025-08-04 11:18:30,979 - INFO - Đã lưu 10 top selling items với data_range 1_month_ago và sort_type profit
2025-08-04 11:18:30,979 - INFO - Phân tích top 10 selling items cho 1_month_ago theo quantity...
2025-08-04 11:18:30,995 - INFO - Đã lưu 10 top selling items với data_range 1_month_ago và sort_type quantity
2025-08-04 11:18:30,995 - INFO - Phân tích hiệu suất category cho 1_month_ago theo revenue (top 10)...
2025-08-04 11:18:31,013 - INFO - Đã lưu 4 category summaries với data_range 1_month_ago và sort_type revenue
2025-08-04 11:18:31,013 - INFO - Phân tích hiệu suất category cho 1_month_ago theo quantity (top 10)...
2025-08-04 11:18:31,032 - INFO - Đã lưu 4 category summaries với data_range 1_month_ago và sort_type quantity
2025-08-04 11:18:31,032 - INFO - Phân tích hiệu suất brand cho 1_month_ago theo revenue (top 10)...
2025-08-04 11:18:31,050 - INFO - Đã lưu 5 brand summaries với data_range 1_month_ago và sort_type revenue
2025-08-04 11:18:31,050 - INFO - Phân tích hiệu suất brand cho 1_month_ago theo quantity (top 10)...
2025-08-04 11:18:31,068 - INFO - Đã lưu 5 brand summaries với data_range 1_month_ago và sort_type quantity
2025-08-04 11:18:31,069 - INFO - Phân tích refund cho 1_month_ago theo refund_count (top 10)...
2025-08-04 11:18:31,080 - INFO - Đã lưu 0 refund analyses với data_range 1_month_ago và sort_type refund_count
2025-08-04 11:18:31,080 - INFO - Phân tích refund cho 1_month_ago theo refund_rate (top 10)...
2025-08-04 11:18:31,092 - INFO - Đã lưu 0 refund analyses với data_range 1_month_ago và sort_type refund_rate
2025-08-04 11:18:31,092 - INFO - Phân tích refund cho 1_month_ago theo refund_quantity (top 10)...
2025-08-04 11:18:31,104 - INFO - Đã lưu 0 refund analyses với data_range 1_month_ago và sort_type refund_quantity
2025-08-04 11:18:31,104 - INFO - Phân tích refund cho 1_month_ago theo refund_reason (top 10)...
2025-08-04 11:18:31,116 - INFO - Đã lưu 0 refund analyses với data_range 1_month_ago và sort_type refund_reason
2025-08-04 11:18:31,116 - INFO - Phân tích top 10 selling items cho 3_months_ago theo revenue...
2025-08-04 11:18:31,197 - INFO - Đã lưu 10 top selling items với data_range 3_months_ago và sort_type revenue
2025-08-04 11:18:31,197 - INFO - Phân tích top 10 selling items cho 3_months_ago theo profit...
2025-08-04 11:18:31,283 - INFO - Đã lưu 10 top selling items với data_range 3_months_ago và sort_type profit
2025-08-04 11:18:31,283 - INFO - Phân tích top 10 selling items cho 3_months_ago theo quantity...
2025-08-04 11:18:31,376 - INFO - Đã lưu 10 top selling items với data_range 3_months_ago và sort_type quantity
2025-08-04 11:18:31,376 - INFO - Phân tích hiệu suất category cho 3_months_ago theo revenue (top 10)...
2025-08-04 11:18:31,469 - INFO - Đã lưu 4 category summaries với data_range 3_months_ago và sort_type revenue
2025-08-04 11:18:31,469 - INFO - Phân tích hiệu suất category cho 3_months_ago theo quantity (top 10)...
2025-08-04 11:18:31,565 - INFO - Đã lưu 4 category summaries với data_range 3_months_ago và sort_type quantity
2025-08-04 11:18:31,565 - INFO - Phân tích hiệu suất brand cho 3_months_ago theo revenue (top 10)...
2025-08-04 11:18:31,658 - INFO - Đã lưu 5 brand summaries với data_range 3_months_ago và sort_type revenue
2025-08-04 11:18:31,658 - INFO - Phân tích hiệu suất brand cho 3_months_ago theo quantity (top 10)...
2025-08-04 11:18:31,751 - INFO - Đã lưu 5 brand summaries với data_range 3_months_ago và sort_type quantity
2025-08-04 11:18:31,751 - INFO - Phân tích refund cho 3_months_ago theo refund_count (top 10)...
2025-08-04 11:18:31,831 - INFO - Đã lưu 0 refund analyses với data_range 3_months_ago và sort_type refund_count
2025-08-04 11:18:31,831 - INFO - Phân tích refund cho 3_months_ago theo refund_rate (top 10)...
2025-08-04 11:18:31,908 - INFO - Đã lưu 0 refund analyses với data_range 3_months_ago và sort_type refund_rate
2025-08-04 11:18:31,908 - INFO - Phân tích refund cho 3_months_ago theo refund_quantity (top 10)...
2025-08-04 11:18:31,984 - INFO - Đã lưu 0 refund analyses với data_range 3_months_ago và sort_type refund_quantity
2025-08-04 11:18:31,984 - INFO - Phân tích refund cho 3_months_ago theo refund_reason (top 10)...
2025-08-04 11:18:32,061 - INFO - Đã lưu 0 refund analyses với data_range 3_months_ago và sort_type refund_reason
2025-08-04 11:18:32,061 - INFO - Phân tích top 10 selling items cho 6_months_ago theo revenue...
2025-08-04 11:18:32,233 - INFO - Đã lưu 10 top selling items với data_range 6_months_ago và sort_type revenue
2025-08-04 11:18:32,233 - INFO - Phân tích top 10 selling items cho 6_months_ago theo profit...
2025-08-04 11:18:32,404 - INFO - Đã lưu 10 top selling items với data_range 6_months_ago và sort_type profit
2025-08-04 11:18:32,404 - INFO - Phân tích top 10 selling items cho 6_months_ago theo quantity...
2025-08-04 11:18:32,573 - INFO - Đã lưu 10 top selling items với data_range 6_months_ago và sort_type quantity
2025-08-04 11:18:32,573 - INFO - Phân tích hiệu suất category cho 6_months_ago theo revenue (top 10)...
2025-08-04 11:18:32,751 - INFO - Đã lưu 4 category summaries với data_range 6_months_ago và sort_type revenue
2025-08-04 11:18:32,751 - INFO - Phân tích hiệu suất category cho 6_months_ago theo quantity (top 10)...
2025-08-04 11:18:32,927 - INFO - Đã lưu 4 category summaries với data_range 6_months_ago và sort_type quantity
2025-08-04 11:18:32,927 - INFO - Phân tích hiệu suất brand cho 6_months_ago theo revenue (top 10)...
2025-08-04 11:18:33,103 - INFO - Đã lưu 5 brand summaries với data_range 6_months_ago và sort_type revenue
2025-08-04 11:18:33,104 - INFO - Phân tích hiệu suất brand cho 6_months_ago theo quantity (top 10)...
2025-08-04 11:18:33,279 - INFO - Đã lưu 5 brand summaries với data_range 6_months_ago và sort_type quantity
2025-08-04 11:18:33,279 - INFO - Phân tích refund cho 6_months_ago theo refund_count (top 10)...
2025-08-04 11:18:33,445 - INFO - Đã lưu 10 refund analyses với data_range 6_months_ago và sort_type refund_count
2025-08-04 11:18:33,445 - INFO - Phân tích refund cho 6_months_ago theo refund_rate (top 10)...
2025-08-04 11:18:33,611 - INFO - Đã lưu 10 refund analyses với data_range 6_months_ago và sort_type refund_rate
2025-08-04 11:18:33,611 - INFO - Phân tích refund cho 6_months_ago theo refund_quantity (top 10)...
2025-08-04 11:18:33,776 - INFO - Đã lưu 10 refund analyses với data_range 6_months_ago và sort_type refund_quantity
2025-08-04 11:18:33,776 - INFO - Phân tích refund cho 6_months_ago theo refund_reason (top 10)...
2025-08-04 11:18:33,941 - INFO - Đã lưu 1 refund analyses với data_range 6_months_ago và sort_type refund_reason
2025-08-04 11:18:33,941 - INFO - Phân tích top 10 selling items cho 1_year_ago theo revenue...
2025-08-04 11:18:34,115 - INFO - Đã lưu 10 top selling items với data_range 1_year_ago và sort_type revenue
2025-08-04 11:18:34,116 - INFO - Phân tích top 10 selling items cho 1_year_ago theo profit...
2025-08-04 11:18:34,288 - INFO - Đã lưu 10 top selling items với data_range 1_year_ago và sort_type profit
2025-08-04 11:18:34,288 - INFO - Phân tích top 10 selling items cho 1_year_ago theo quantity...
2025-08-04 11:18:34,460 - INFO - Đã lưu 10 top selling items với data_range 1_year_ago và sort_type quantity
2025-08-04 11:18:34,460 - INFO - Phân tích hiệu suất category cho 1_year_ago theo revenue (top 10)...
2025-08-04 11:18:34,639 - INFO - Đã lưu 4 category summaries với data_range 1_year_ago và sort_type revenue
2025-08-04 11:18:34,639 - INFO - Phân tích hiệu suất category cho 1_year_ago theo quantity (top 10)...
2025-08-04 11:18:34,819 - INFO - Đã lưu 4 category summaries với data_range 1_year_ago và sort_type quantity
2025-08-04 11:18:34,819 - INFO - Phân tích hiệu suất brand cho 1_year_ago theo revenue (top 10)...
2025-08-04 11:18:34,999 - INFO - Đã lưu 5 brand summaries với data_range 1_year_ago và sort_type revenue
2025-08-04 11:18:34,999 - INFO - Phân tích hiệu suất brand cho 1_year_ago theo quantity (top 10)...
2025-08-04 11:18:35,177 - INFO - Đã lưu 5 brand summaries với data_range 1_year_ago và sort_type quantity
2025-08-04 11:18:35,177 - INFO - Phân tích refund cho 1_year_ago theo refund_count (top 10)...
2025-08-04 11:18:35,342 - INFO - Đã lưu 10 refund analyses với data_range 1_year_ago và sort_type refund_count
2025-08-04 11:18:35,343 - INFO - Phân tích refund cho 1_year_ago theo refund_rate (top 10)...
2025-08-04 11:18:35,513 - INFO - Đã lưu 10 refund analyses với data_range 1_year_ago và sort_type refund_rate
2025-08-04 11:18:35,513 - INFO - Phân tích refund cho 1_year_ago theo refund_quantity (top 10)...
2025-08-04 11:18:35,679 - INFO - Đã lưu 10 refund analyses với data_range 1_year_ago và sort_type refund_quantity
2025-08-04 11:18:35,679 - INFO - Phân tích refund cho 1_year_ago theo refund_reason (top 10)...
2025-08-04 11:18:35,842 - INFO - Đã lưu 1 refund analyses với data_range 1_year_ago và sort_type refund_reason
2025-08-04 11:18:35,843 - INFO - Phân tích top 10 selling items cho all_time theo revenue...
2025-08-04 11:18:36,014 - INFO - Đã lưu 10 top selling items với data_range all_time và sort_type revenue
2025-08-04 11:18:36,014 - INFO - Phân tích top 10 selling items cho all_time theo profit...
2025-08-04 11:18:36,185 - INFO - Đã lưu 10 top selling items với data_range all_time và sort_type profit
2025-08-04 11:18:36,185 - INFO - Phân tích top 10 selling items cho all_time theo quantity...
2025-08-04 11:18:36,357 - INFO - Đã lưu 10 top selling items với data_range all_time và sort_type quantity
2025-08-04 11:18:36,357 - INFO - Phân tích hiệu suất category cho all_time theo revenue (top 10)...
2025-08-04 11:18:36,533 - INFO - Đã lưu 4 category summaries với data_range all_time và sort_type revenue
2025-08-04 11:18:36,533 - INFO - Phân tích hiệu suất category cho all_time theo quantity (top 10)...
2025-08-04 11:18:36,710 - INFO - Đã lưu 4 category summaries với data_range all_time và sort_type quantity
2025-08-04 11:18:36,710 - INFO - Phân tích hiệu suất brand cho all_time theo revenue (top 10)...
2025-08-04 11:18:36,887 - INFO - Đã lưu 5 brand summaries với data_range all_time và sort_type revenue
2025-08-04 11:18:36,887 - INFO - Phân tích hiệu suất brand cho all_time theo quantity (top 10)...
2025-08-04 11:18:37,064 - INFO - Đã lưu 5 brand summaries với data_range all_time và sort_type quantity
2025-08-04 11:18:37,064 - INFO - Phân tích refund cho all_time theo refund_count (top 10)...
2025-08-04 11:18:37,230 - INFO - Đã lưu 10 refund analyses với data_range all_time và sort_type refund_count
2025-08-04 11:18:37,230 - INFO - Phân tích refund cho all_time theo refund_rate (top 10)...
2025-08-04 11:18:37,399 - INFO - Đã lưu 10 refund analyses với data_range all_time và sort_type refund_rate
2025-08-04 11:18:37,399 - INFO - Phân tích refund cho all_time theo refund_quantity (top 10)...
2025-08-04 11:18:37,566 - INFO - Đã lưu 10 refund analyses với data_range all_time và sort_type refund_quantity
2025-08-04 11:18:37,566 - INFO - Phân tích refund cho all_time theo refund_reason (top 10)...
2025-08-04 11:18:37,728 - INFO - Đã lưu 1 refund analyses với data_range all_time và sort_type refund_reason
